[2025-05-18 10:11:44,105] [DQN_train] [INFO] iteration:     1/  500 | mean reward: 24.76 | max reward: 61.00 | loss: 0.00097121
[2025-05-18 10:11:47,225] [DQN_train] [INFO] iteration:     2/  500 | mean reward: 20.04 | max reward: 40.00 | loss: 0.01716315
[2025-05-18 10:11:50,829] [DQN_train] [INFO] iteration:     3/  500 | mean reward: 22.98 | max reward: 83.00 | loss: 0.05179661
[2025-05-18 10:11:54,554] [DQN_train] [INFO] iteration:     4/  500 | mean reward: 23.36 | max reward: 50.00 | loss: 0.06564448
[2025-05-18 10:11:58,974] [DQN_train] [INFO] iteration:     5/  500 | mean reward: 27.74 | max reward: 76.00 | loss: 0.09661727
[2025-05-18 10:12:02,790] [DQN_train] [INFO] iteration:     6/  500 | mean reward: 24.30 | max reward: 60.00 | loss: 0.08761628
[2025-05-18 10:12:06,400] [DQN_train] [INFO] iteration:     7/  500 | mean reward: 22.68 | max reward: 70.00 | loss: 0.13456641
[2025-05-18 10:12:10,885] [DQN_train] [INFO] iteration:     8/  500 | mean reward: 27.22 | max reward: 71.00 | loss: 0.10736547
[2025-05-18 10:12:15,209] [DQN_train] [INFO] iteration:     9/  500 | mean reward: 25.82 | max reward: 67.00 | loss: 0.16875359
[2025-05-18 10:12:19,955] [DQN_train] [INFO] iteration:    10/  500 | mean reward: 24.98 | max reward: 71.00 | loss: 0.16296807
[2025-05-18 10:12:24,726] [DQN_train] [INFO] iteration:    11/  500 | mean reward: 25.78 | max reward: 67.00 | loss: 0.17303054
[2025-05-18 10:12:28,527] [DQN_train] [INFO] iteration:    12/  500 | mean reward: 24.04 | max reward: 80.00 | loss: 0.16665699
[2025-05-18 10:12:33,592] [DQN_train] [INFO] iteration:    13/  500 | mean reward: 32.36 | max reward: 103.00 | loss: 0.16743937
[2025-05-18 10:12:38,623] [DQN_train] [INFO] iteration:    14/  500 | mean reward: 31.28 | max reward: 113.00 | loss: 0.14021131
[2025-05-18 10:12:43,904] [DQN_train] [INFO] iteration:    15/  500 | mean reward: 29.54 | max reward: 73.00 | loss: 0.21747416
[2025-05-18 10:12:49,507] [DQN_train] [INFO] iteration:    16/  500 | mean reward: 29.30 | max reward: 104.00 | loss: 0.31906614
[2025-05-18 10:12:54,969] [DQN_train] [INFO] iteration:    17/  500 | mean reward: 29.32 | max reward: 92.00 | loss: 0.28705829
[2025-05-18 10:13:00,617] [DQN_train] [INFO] iteration:    18/  500 | mean reward: 30.66 | max reward: 109.00 | loss: 0.39658868
[2025-05-18 10:13:06,157] [DQN_train] [INFO] iteration:    19/  500 | mean reward: 30.32 | max reward: 88.00 | loss: 0.31559852
[2025-05-18 10:13:10,723] [DQN_train] [INFO] iteration:    20/  500 | mean reward: 24.62 | max reward: 59.00 | loss: 0.16875927
[2025-05-18 10:13:15,804] [DQN_train] [INFO] iteration:    21/  500 | mean reward: 27.26 | max reward: 117.00 | loss: 0.34501055
[2025-05-18 10:13:20,972] [DQN_train] [INFO] iteration:    22/  500 | mean reward: 28.02 | max reward: 99.00 | loss: 0.35542029
[2025-05-18 10:13:26,857] [DQN_train] [INFO] iteration:    23/  500 | mean reward: 31.52 | max reward: 105.00 | loss: 0.43695799
[2025-05-18 10:13:31,000] [DQN_train] [INFO] iteration:    24/  500 | mean reward: 22.68 | max reward: 77.00 | loss: 0.40819502
[2025-05-18 10:13:35,654] [DQN_train] [INFO] iteration:    25/  500 | mean reward: 25.24 | max reward: 69.00 | loss: 0.44189644
[2025-05-18 10:13:40,228] [DQN_train] [INFO] iteration:    26/  500 | mean reward: 24.38 | max reward: 99.00 | loss: 0.51656926
[2025-05-18 10:13:44,854] [DQN_train] [INFO] iteration:    27/  500 | mean reward: 24.74 | max reward: 70.00 | loss: 0.47477961
[2025-05-18 10:13:48,762] [DQN_train] [INFO] iteration:    28/  500 | mean reward: 21.22 | max reward: 71.00 | loss: 0.57551223
[2025-05-18 10:13:53,337] [DQN_train] [INFO] iteration:    29/  500 | mean reward: 24.50 | max reward: 74.00 | loss: 0.80840135
[2025-05-18 10:13:58,161] [DQN_train] [INFO] iteration:    30/  500 | mean reward: 25.94 | max reward: 150.00 | loss: 0.63426149
[2025-05-18 10:14:03,024] [DQN_train] [INFO] iteration:    31/  500 | mean reward: 26.20 | max reward: 78.00 | loss: 0.71535057
[2025-05-18 10:14:08,164] [DQN_train] [INFO] iteration:    32/  500 | mean reward: 27.46 | max reward: 87.00 | loss: 0.65179926
[2025-05-18 10:14:12,253] [DQN_train] [INFO] iteration:    33/  500 | mean reward: 22.00 | max reward: 67.00 | loss: 0.78518969
[2025-05-18 10:14:17,600] [DQN_train] [INFO] iteration:    34/  500 | mean reward: 28.82 | max reward: 160.00 | loss: 0.53341031
[2025-05-18 10:14:23,000] [DQN_train] [INFO] iteration:    35/  500 | mean reward: 28.80 | max reward: 142.00 | loss: 0.38825247
[2025-05-18 10:14:30,280] [DQN_train] [INFO] iteration:    36/  500 | mean reward: 38.44 | max reward: 240.00 | loss: 0.37265235
[2025-05-18 10:14:35,591] [DQN_train] [INFO] iteration:    37/  500 | mean reward: 28.68 | max reward: 123.00 | loss: 0.46883088
[2025-05-18 10:14:42,277] [DQN_train] [INFO] iteration:    38/  500 | mean reward: 34.96 | max reward: 162.00 | loss: 0.60715115
[2025-05-18 10:14:49,021] [DQN_train] [INFO] iteration:    39/  500 | mean reward: 36.02 | max reward: 209.00 | loss: 0.44006678
[2025-05-18 10:14:55,544] [DQN_train] [INFO] iteration:    40/  500 | mean reward: 35.60 | max reward: 148.00 | loss: 0.75977588
[2025-05-18 10:15:01,606] [DQN_train] [INFO] iteration:    41/  500 | mean reward: 34.78 | max reward: 127.00 | loss: 0.40958032
[2025-05-18 10:15:10,337] [DQN_train] [INFO] iteration:    42/  500 | mean reward: 45.76 | max reward: 164.00 | loss: 0.29577506
[2025-05-18 10:15:17,934] [DQN_train] [INFO] iteration:    43/  500 | mean reward: 39.90 | max reward: 127.00 | loss: 0.25283268
[2025-05-18 10:15:25,748] [DQN_train] [INFO] iteration:    44/  500 | mean reward: 40.98 | max reward: 135.00 | loss: 0.69774175
[2025-05-18 10:15:33,641] [DQN_train] [INFO] iteration:    45/  500 | mean reward: 42.44 | max reward: 136.00 | loss: 0.85157943
[2025-05-18 10:15:43,997] [DQN_train] [INFO] iteration:    46/  500 | mean reward: 57.18 | max reward: 267.00 | loss: 0.91264009
[2025-05-18 10:15:54,219] [DQN_train] [INFO] iteration:    47/  500 | mean reward: 54.16 | max reward: 166.00 | loss: 0.94138962
[2025-05-18 10:16:04,752] [DQN_train] [INFO] iteration:    48/  500 | mean reward: 55.46 | max reward: 163.00 | loss: 0.59931296
[2025-05-18 10:16:14,604] [DQN_train] [INFO] iteration:    49/  500 | mean reward: 51.28 | max reward: 186.00 | loss: 0.63331664
[2025-05-18 10:16:25,628] [DQN_train] [INFO] iteration:    50/  500 | mean reward: 58.38 | max reward: 206.00 | loss: 0.51854920
[2025-05-18 10:16:35,805] [DQN_train] [INFO] iteration:    51/  500 | mean reward: 53.32 | max reward: 151.00 | loss: 0.81435287
[2025-05-18 10:16:46,212] [DQN_train] [INFO] iteration:    52/  500 | mean reward: 54.10 | max reward: 182.00 | loss: 0.89523232
[2025-05-18 10:16:58,219] [DQN_train] [INFO] iteration:    53/  500 | mean reward: 62.60 | max reward: 211.00 | loss: 0.79515129
[2025-05-18 10:17:09,594] [DQN_train] [INFO] iteration:    54/  500 | mean reward: 59.44 | max reward: 156.00 | loss: 0.71307284
[2025-05-18 10:17:18,915] [DQN_train] [INFO] iteration:    55/  500 | mean reward: 50.58 | max reward: 176.00 | loss: 0.47945258
[2025-05-18 10:17:27,937] [DQN_train] [INFO] iteration:    56/  500 | mean reward: 47.26 | max reward: 141.00 | loss: 0.82409036
[2025-05-18 10:17:34,802] [DQN_train] [INFO] iteration:    57/  500 | mean reward: 36.48 | max reward: 164.00 | loss: 0.35402727
[2025-05-18 10:17:41,666] [DQN_train] [INFO] iteration:    58/  500 | mean reward: 35.68 | max reward: 132.00 | loss: 0.77758121
[2025-05-18 10:17:46,902] [DQN_train] [INFO] iteration:    59/  500 | mean reward: 27.74 | max reward: 112.00 | loss: 1.08599162
[2025-05-18 10:17:51,751] [DQN_train] [INFO] iteration:    60/  500 | mean reward: 25.60 | max reward: 97.00 | loss: 0.26533055
[2025-05-18 10:17:58,121] [DQN_train] [INFO] iteration:    61/  500 | mean reward: 33.54 | max reward: 120.00 | loss: 0.82539487
[2025-05-18 10:18:04,435] [DQN_train] [INFO] iteration:    62/  500 | mean reward: 33.64 | max reward: 107.00 | loss: 0.68082893
[2025-05-18 10:18:10,855] [DQN_train] [INFO] iteration:    63/  500 | mean reward: 33.72 | max reward: 108.00 | loss: 0.88481092
[2025-05-18 10:18:18,248] [DQN_train] [INFO] iteration:    64/  500 | mean reward: 38.94 | max reward: 116.00 | loss: 0.61575955
[2025-05-18 10:18:26,453] [DQN_train] [INFO] iteration:    65/  500 | mean reward: 43.16 | max reward: 116.00 | loss: 0.68308365
[2025-05-18 10:18:36,135] [DQN_train] [INFO] iteration:    66/  500 | mean reward: 50.78 | max reward: 124.00 | loss: 1.19610190
[2025-05-18 10:18:45,911] [DQN_train] [INFO] iteration:    67/  500 | mean reward: 53.28 | max reward: 159.00 | loss: 0.92475128
[2025-05-18 10:18:53,579] [DQN_train] [INFO] iteration:    68/  500 | mean reward: 43.04 | max reward: 113.00 | loss: 0.87861520
[2025-05-18 10:19:02,347] [DQN_train] [INFO] iteration:    69/  500 | mean reward: 46.12 | max reward: 161.00 | loss: 0.75649989
[2025-05-18 10:19:13,992] [DQN_train] [INFO] iteration:    70/  500 | mean reward: 60.14 | max reward: 187.00 | loss: 0.99544853
[2025-05-18 10:19:29,333] [DQN_train] [INFO] iteration:    71/  500 | mean reward: 79.46 | max reward: 381.00 | loss: 0.88722694
[2025-05-18 10:19:39,495] [DQN_train] [INFO] iteration:    72/  500 | mean reward: 52.26 | max reward: 317.00 | loss: 0.66213006
[2025-05-18 10:19:56,372] [DQN_train] [INFO] iteration:    73/  500 | mean reward: 86.68 | max reward: 425.00 | loss: 0.53164333
[2025-05-18 10:20:21,539] [DQN_train] [INFO] iteration:    74/  500 | mean reward: 129.56 | max reward: 500.00 | loss: 0.71168393
[2025-05-18 10:20:55,504] [DQN_train] [INFO] iteration:    75/  500 | mean reward: 175.22 | max reward: 500.00 | loss: 0.87227178
[2025-05-18 10:21:25,967] [DQN_train] [INFO] iteration:    76/  500 | mean reward: 160.74 | max reward: 500.00 | loss: 0.23562361
[2025-05-18 10:22:05,706] [DQN_train] [INFO] iteration:    77/  500 | mean reward: 224.38 | max reward: 500.00 | loss: 0.44240922
[2025-05-18 10:22:53,157] [DQN_train] [INFO] iteration:    78/  500 | mean reward: 280.16 | max reward: 500.00 | loss: 0.77911645
[2025-05-18 10:23:37,628] [DQN_train] [INFO] iteration:    79/  500 | mean reward: 261.86 | max reward: 500.00 | loss: 0.49869421
[2025-05-18 10:24:26,678] [DQN_train] [INFO] iteration:    80/  500 | mean reward: 285.12 | max reward: 500.00 | loss: 0.24442506
[2025-05-18 10:25:18,053] [DQN_train] [INFO] iteration:    81/  500 | mean reward: 292.14 | max reward: 500.00 | loss: 0.27128240
[2025-05-18 10:25:55,566] [DQN_train] [INFO] iteration:    82/  500 | mean reward: 193.54 | max reward: 500.00 | loss: 0.13910209
[2025-05-18 10:26:27,638] [DQN_train] [INFO] iteration:    83/  500 | mean reward: 161.90 | max reward: 500.00 | loss: 0.23779361
[2025-05-18 10:26:57,578] [DQN_train] [INFO] iteration:    84/  500 | mean reward: 161.70 | max reward: 500.00 | loss: 0.13669795
[2025-05-18 10:27:47,787] [DQN_train] [INFO] iteration:    85/  500 | mean reward: 260.42 | max reward: 500.00 | loss: 0.42165339
[2025-05-18 10:28:40,746] [DQN_train] [INFO] iteration:    86/  500 | mean reward: 282.70 | max reward: 500.00 | loss: 0.24750590
[2025-05-18 10:29:39,538] [DQN_train] [INFO] iteration:    87/  500 | mean reward: 306.00 | max reward: 500.00 | loss: 0.27655947
[2025-05-18 10:30:19,711] [DQN_train] [INFO] iteration:    88/  500 | mean reward: 208.94 | max reward: 500.00 | loss: 0.14338994
[2025-05-18 10:30:51,993] [DQN_train] [INFO] iteration:    89/  500 | mean reward: 172.72 | max reward: 500.00 | loss: 0.28495672
[2025-05-18 10:31:29,473] [DQN_train] [INFO] iteration:    90/  500 | mean reward: 203.90 | max reward: 500.00 | loss: 0.00540800
[2025-05-18 10:31:54,851] [DQN_train] [INFO] iteration:    91/  500 | mean reward: 147.28 | max reward: 500.00 | loss: 0.36597595
[2025-05-18 10:32:12,566] [DQN_train] [INFO] iteration:    92/  500 | mean reward: 88.46 | max reward: 315.00 | loss: 0.32263038
[2025-05-18 10:32:32,536] [DQN_train] [INFO] iteration:    93/  500 | mean reward: 80.44 | max reward: 210.00 | loss: 0.16921300
[2025-05-18 10:32:50,501] [DQN_train] [INFO] iteration:    94/  500 | mean reward: 76.18 | max reward: 194.00 | loss: 0.00378134
[2025-05-18 10:33:07,425] [DQN_train] [INFO] iteration:    95/  500 | mean reward: 73.70 | max reward: 161.00 | loss: 0.14782275
[2025-05-18 10:33:22,807] [DQN_train] [INFO] iteration:    96/  500 | mean reward: 67.68 | max reward: 180.00 | loss: 0.96247339
[2025-05-18 10:33:39,955] [DQN_train] [INFO] iteration:    97/  500 | mean reward: 74.76 | max reward: 161.00 | loss: 0.51232773
[2025-05-18 10:33:58,612] [DQN_train] [INFO] iteration:    98/  500 | mean reward: 81.34 | max reward: 98.00 | loss: 0.36429727
[2025-05-18 10:34:15,921] [DQN_train] [INFO] iteration:    99/  500 | mean reward: 77.80 | max reward: 97.00 | loss: 0.36782640
[2025-05-18 10:34:35,399] [DQN_train] [INFO] iteration:   100/  500 | mean reward: 84.58 | max reward: 98.00 | loss: 0.69507021
[2025-05-18 10:34:35,400] [DQN_agent] [INFO] Saving model to DQN_model_100.pth
[2025-05-18 10:34:56,163] [DQN_train] [INFO] iteration:   101/  500 | mean reward: 89.42 | max reward: 100.00 | loss: 0.87305790
[2025-05-18 10:35:15,878] [DQN_train] [INFO] iteration:   102/  500 | mean reward: 86.40 | max reward: 96.00 | loss: 0.00844547
[2025-05-18 10:35:35,437] [DQN_train] [INFO] iteration:   103/  500 | mean reward: 84.60 | max reward: 97.00 | loss: 1.07360792
[2025-05-18 10:35:54,194] [DQN_train] [INFO] iteration:   104/  500 | mean reward: 81.34 | max reward: 102.00 | loss: 0.97858691
[2025-05-18 10:36:14,668] [DQN_train] [INFO] iteration:   105/  500 | mean reward: 88.32 | max reward: 97.00 | loss: 0.86435914
[2025-05-18 10:36:34,641] [DQN_train] [INFO] iteration:   106/  500 | mean reward: 86.36 | max reward: 100.00 | loss: 1.10972226
[2025-05-18 10:36:54,478] [DQN_train] [INFO] iteration:   107/  500 | mean reward: 85.86 | max reward: 98.00 | loss: 1.49623418
[2025-05-18 10:37:14,128] [DQN_train] [INFO] iteration:   108/  500 | mean reward: 85.18 | max reward: 98.00 | loss: 0.51223099
[2025-05-18 10:37:33,131] [DQN_train] [INFO] iteration:   109/  500 | mean reward: 82.22 | max reward: 99.00 | loss: 0.34433568
[2025-05-18 10:37:53,081] [DQN_train] [INFO] iteration:   110/  500 | mean reward: 86.14 | max reward: 128.00 | loss: 0.91758871
[2025-05-18 10:38:13,446] [DQN_train] [INFO] iteration:   111/  500 | mean reward: 88.32 | max reward: 97.00 | loss: 1.06947374
[2025-05-18 10:38:33,395] [DQN_train] [INFO] iteration:   112/  500 | mean reward: 86.36 | max reward: 97.00 | loss: 0.65492207
[2025-05-18 10:38:54,888] [DQN_train] [INFO] iteration:   113/  500 | mean reward: 87.76 | max reward: 98.00 | loss: 1.14044178
[2025-05-18 10:39:17,693] [DQN_train] [INFO] iteration:   114/  500 | mean reward: 91.02 | max reward: 103.00 | loss: 0.65516865
[2025-05-18 10:39:39,714] [DQN_train] [INFO] iteration:   115/  500 | mean reward: 88.32 | max reward: 103.00 | loss: 0.96296078
[2025-05-18 10:40:02,518] [DQN_train] [INFO] iteration:   116/  500 | mean reward: 90.98 | max reward: 99.00 | loss: 1.10320687
[2025-05-18 10:40:25,220] [DQN_train] [INFO] iteration:   117/  500 | mean reward: 90.90 | max reward: 101.00 | loss: 1.17789710
[2025-05-18 10:40:47,882] [DQN_train] [INFO] iteration:   118/  500 | mean reward: 90.74 | max reward: 101.00 | loss: 1.04910314
[2025-05-18 10:41:10,728] [DQN_train] [INFO] iteration:   119/  500 | mean reward: 91.94 | max reward: 100.00 | loss: 1.65721488
[2025-05-18 10:41:34,164] [DQN_train] [INFO] iteration:   120/  500 | mean reward: 93.86 | max reward: 144.00 | loss: 0.99136060
[2025-05-18 10:41:55,389] [DQN_train] [INFO] iteration:   121/  500 | mean reward: 91.98 | max reward: 146.00 | loss: 1.29366779
[2025-05-18 10:42:17,959] [DQN_train] [INFO] iteration:   122/  500 | mean reward: 94.68 | max reward: 103.00 | loss: 0.93899351
[2025-05-18 10:42:40,261] [DQN_train] [INFO] iteration:   123/  500 | mean reward: 94.12 | max reward: 120.00 | loss: 0.98960030
[2025-05-18 10:43:01,246] [DQN_train] [INFO] iteration:   124/  500 | mean reward: 96.62 | max reward: 240.00 | loss: 0.91328329
[2025-05-18 10:43:25,806] [DQN_train] [INFO] iteration:   125/  500 | mean reward: 100.98 | max reward: 176.00 | loss: 1.00191557
[2025-05-18 10:43:50,306] [DQN_train] [INFO] iteration:   126/  500 | mean reward: 99.58 | max reward: 240.00 | loss: 0.18433423
[2025-05-18 10:44:14,409] [DQN_train] [INFO] iteration:   127/  500 | mean reward: 98.48 | max reward: 115.00 | loss: 0.84315759
[2025-05-18 10:44:36,550] [DQN_train] [INFO] iteration:   128/  500 | mean reward: 91.92 | max reward: 112.00 | loss: 0.18174307
[2025-05-18 10:45:01,157] [DQN_train] [INFO] iteration:   129/  500 | mean reward: 99.22 | max reward: 118.00 | loss: 0.52527446
[2025-05-18 10:45:25,789] [DQN_train] [INFO] iteration:   130/  500 | mean reward: 98.90 | max reward: 146.00 | loss: 0.37203619
[2025-05-18 10:45:59,062] [DQN_train] [INFO] iteration:   131/  500 | mean reward: 136.84 | max reward: 182.00 | loss: 0.44244295
[2025-05-18 10:46:37,672] [DQN_train] [INFO] iteration:   132/  500 | mean reward: 158.26 | max reward: 220.00 | loss: 0.74073005
[2025-05-18 10:47:15,074] [DQN_train] [INFO] iteration:   133/  500 | mean reward: 158.30 | max reward: 240.00 | loss: 0.47084618
[2025-05-18 10:47:51,639] [DQN_train] [INFO] iteration:   134/  500 | mean reward: 160.68 | max reward: 190.00 | loss: 0.18098648
[2025-05-18 10:48:20,031] [DQN_train] [INFO] iteration:   135/  500 | mean reward: 160.88 | max reward: 174.00 | loss: 0.35629949
[2025-05-18 10:48:48,526] [DQN_train] [INFO] iteration:   136/  500 | mean reward: 160.06 | max reward: 181.00 | loss: 0.83668464
[2025-05-18 10:49:15,772] [DQN_train] [INFO] iteration:   137/  500 | mean reward: 149.58 | max reward: 162.00 | loss: 0.25937587
[2025-05-18 10:49:38,539] [DQN_train] [INFO] iteration:   138/  500 | mean reward: 124.48 | max reward: 161.00 | loss: 0.23836996
[2025-05-18 10:50:00,386] [DQN_train] [INFO] iteration:   139/  500 | mean reward: 122.06 | max reward: 152.00 | loss: 0.18401746
[2025-05-18 10:50:20,618] [DQN_train] [INFO] iteration:   140/  500 | mean reward: 113.16 | max reward: 153.00 | loss: 0.19872820
[2025-05-18 10:50:40,029] [DQN_train] [INFO] iteration:   141/  500 | mean reward: 109.76 | max reward: 148.00 | loss: 0.44546607
[2025-05-18 10:50:57,387] [DQN_train] [INFO] iteration:   142/  500 | mean reward: 90.98 | max reward: 154.00 | loss: 0.45872429
[2025-05-18 10:51:15,306] [DQN_train] [INFO] iteration:   143/  500 | mean reward: 98.20 | max reward: 160.00 | loss: 0.09459032
[2025-05-18 10:51:31,445] [DQN_train] [INFO] iteration:   144/  500 | mean reward: 88.92 | max reward: 98.00 | loss: 1.15910232
[2025-05-18 10:51:48,076] [DQN_train] [INFO] iteration:   145/  500 | mean reward: 94.18 | max reward: 100.00 | loss: 0.68207222
[2025-05-18 10:52:04,672] [DQN_train] [INFO] iteration:   146/  500 | mean reward: 93.96 | max reward: 100.00 | loss: 0.26536658
[2025-05-18 10:52:20,964] [DQN_train] [INFO] iteration:   147/  500 | mean reward: 92.22 | max reward: 101.00 | loss: 0.85859519
[2025-05-18 10:52:37,336] [DQN_train] [INFO] iteration:   148/  500 | mean reward: 89.02 | max reward: 99.00 | loss: 1.11836374
[2025-05-18 10:52:59,564] [DQN_train] [INFO] iteration:   149/  500 | mean reward: 89.54 | max reward: 98.00 | loss: 0.79962128
[2025-05-18 10:53:25,203] [DQN_train] [INFO] iteration:   150/  500 | mean reward: 93.30 | max reward: 98.00 | loss: 0.23494998
[2025-05-18 10:53:48,523] [DQN_train] [INFO] iteration:   151/  500 | mean reward: 84.60 | max reward: 97.00 | loss: 1.39817297
[2025-05-18 10:54:11,777] [DQN_train] [INFO] iteration:   152/  500 | mean reward: 87.96 | max reward: 102.00 | loss: 1.32507265
[2025-05-18 10:54:35,604] [DQN_train] [INFO] iteration:   153/  500 | mean reward: 90.48 | max reward: 97.00 | loss: 1.13768291
[2025-05-18 10:54:58,610] [DQN_train] [INFO] iteration:   154/  500 | mean reward: 86.76 | max reward: 97.00 | loss: 0.68036455
[2025-05-18 10:55:19,287] [DQN_train] [INFO] iteration:   155/  500 | mean reward: 79.30 | max reward: 95.00 | loss: 1.35127783
[2025-05-18 10:55:37,371] [DQN_train] [INFO] iteration:   156/  500 | mean reward: 69.76 | max reward: 96.00 | loss: 1.11788785
[2025-05-18 10:55:54,087] [DQN_train] [INFO] iteration:   157/  500 | mean reward: 64.72 | max reward: 94.00 | loss: 1.03940582
[2025-05-18 10:56:17,558] [DQN_train] [INFO] iteration:   158/  500 | mean reward: 90.40 | max reward: 97.00 | loss: 0.33544046
[2025-05-18 10:56:38,209] [DQN_train] [INFO] iteration:   159/  500 | mean reward: 80.50 | max reward: 131.00 | loss: 1.97905421
[2025-05-18 10:56:58,896] [DQN_train] [INFO] iteration:   160/  500 | mean reward: 80.42 | max reward: 117.00 | loss: 1.60500169
[2025-05-18 10:57:20,436] [DQN_train] [INFO] iteration:   161/  500 | mean reward: 83.62 | max reward: 124.00 | loss: 0.22081749
[2025-05-18 10:57:39,652] [DQN_train] [INFO] iteration:   162/  500 | mean reward: 74.12 | max reward: 95.00 | loss: 0.91407150
[2025-05-18 10:57:59,924] [DQN_train] [INFO] iteration:   163/  500 | mean reward: 78.28 | max reward: 94.00 | loss: 1.28825271
[2025-05-18 10:58:21,523] [DQN_train] [INFO] iteration:   164/  500 | mean reward: 84.00 | max reward: 96.00 | loss: 1.05250680
[2025-05-18 10:58:43,607] [DQN_train] [INFO] iteration:   165/  500 | mean reward: 85.68 | max reward: 97.00 | loss: 0.84541231
[2025-05-18 10:59:03,376] [DQN_train] [INFO] iteration:   166/  500 | mean reward: 76.34 | max reward: 94.00 | loss: 1.66197336
[2025-05-18 10:59:24,379] [DQN_train] [INFO] iteration:   167/  500 | mean reward: 81.12 | max reward: 94.00 | loss: 0.82275641
[2025-05-18 10:59:46,689] [DQN_train] [INFO] iteration:   168/  500 | mean reward: 86.44 | max reward: 127.00 | loss: 2.38040590
[2025-05-18 11:00:07,603] [DQN_train] [INFO] iteration:   169/  500 | mean reward: 81.02 | max reward: 95.00 | loss: 0.56959409
[2025-05-18 11:00:28,414] [DQN_train] [INFO] iteration:   170/  500 | mean reward: 80.64 | max reward: 97.00 | loss: 0.92750365
[2025-05-18 11:00:50,126] [DQN_train] [INFO] iteration:   171/  500 | mean reward: 84.04 | max reward: 98.00 | loss: 2.18077040
[2025-05-18 11:01:12,725] [DQN_train] [INFO] iteration:   172/  500 | mean reward: 86.60 | max reward: 97.00 | loss: 0.59799051
[2025-05-18 11:01:34,445] [DQN_train] [INFO] iteration:   173/  500 | mean reward: 81.16 | max reward: 105.00 | loss: 1.42034137
[2025-05-18 11:01:58,508] [DQN_train] [INFO] iteration:   174/  500 | mean reward: 88.80 | max reward: 134.00 | loss: 1.22667956
[2025-05-18 11:02:21,764] [DQN_train] [INFO] iteration:   175/  500 | mean reward: 85.48 | max reward: 140.00 | loss: 1.58845425
[2025-05-18 11:02:46,910] [DQN_train] [INFO] iteration:   176/  500 | mean reward: 94.20 | max reward: 166.00 | loss: 0.62813640
[2025-05-18 11:03:20,107] [DQN_train] [INFO] iteration:   177/  500 | mean reward: 121.26 | max reward: 290.00 | loss: 0.68535310
[2025-05-18 11:03:46,168] [DQN_train] [INFO] iteration:   178/  500 | mean reward: 94.36 | max reward: 162.00 | loss: 0.95317757
[2025-05-18 11:04:11,290] [DQN_train] [INFO] iteration:   179/  500 | mean reward: 92.30 | max reward: 185.00 | loss: 0.44032213
[2025-05-18 11:04:35,173] [DQN_train] [INFO] iteration:   180/  500 | mean reward: 87.74 | max reward: 165.00 | loss: 1.12241936
[2025-05-18 11:05:02,843] [DQN_train] [INFO] iteration:   181/  500 | mean reward: 102.00 | max reward: 165.00 | loss: 0.85464793
[2025-05-18 11:05:29,707] [DQN_train] [INFO] iteration:   182/  500 | mean reward: 97.28 | max reward: 382.00 | loss: 0.98310143
[2025-05-18 11:05:53,084] [DQN_train] [INFO] iteration:   183/  500 | mean reward: 87.06 | max reward: 108.00 | loss: 0.65807784
[2025-05-18 11:06:16,944] [DQN_train] [INFO] iteration:   184/  500 | mean reward: 90.94 | max reward: 129.00 | loss: 0.32571504
[2025-05-18 11:06:47,531] [DQN_train] [INFO] iteration:   185/  500 | mean reward: 111.94 | max reward: 300.00 | loss: 0.23259544
[2025-05-18 11:07:18,101] [DQN_train] [INFO] iteration:   186/  500 | mean reward: 111.08 | max reward: 293.00 | loss: 0.48740762
[2025-05-18 11:07:50,953] [DQN_train] [INFO] iteration:   187/  500 | mean reward: 119.00 | max reward: 296.00 | loss: 0.08490619
[2025-05-18 11:08:18,943] [DQN_train] [INFO] iteration:   188/  500 | mean reward: 105.58 | max reward: 248.00 | loss: 0.55906779
[2025-05-18 11:08:44,593] [DQN_train] [INFO] iteration:   189/  500 | mean reward: 95.48 | max reward: 245.00 | loss: 0.27064914
[2025-05-18 11:09:10,604] [DQN_train] [INFO] iteration:   190/  500 | mean reward: 97.22 | max reward: 241.00 | loss: 0.24175549
[2025-05-18 11:09:38,941] [DQN_train] [INFO] iteration:   191/  500 | mean reward: 106.22 | max reward: 248.00 | loss: 0.49065009
[2025-05-18 11:10:05,041] [DQN_train] [INFO] iteration:   192/  500 | mean reward: 95.88 | max reward: 141.00 | loss: 0.25162745
[2025-05-18 11:10:32,971] [DQN_train] [INFO] iteration:   193/  500 | mean reward: 103.94 | max reward: 280.00 | loss: 0.03959011
[2025-05-18 11:11:24,122] [DQN_train] [INFO] iteration:   194/  500 | mean reward: 187.98 | max reward: 500.00 | loss: 0.26921937
[2025-05-18 11:12:53,044] [DQN_train] [INFO] iteration:   195/  500 | mean reward: 328.80 | max reward: 500.00 | loss: 0.25021923
[2025-05-18 11:13:42,987] [DQN_train] [INFO] iteration:   196/  500 | mean reward: 187.18 | max reward: 500.00 | loss: 0.44693094
[2025-05-18 11:14:34,945] [DQN_train] [INFO] iteration:   197/  500 | mean reward: 197.84 | max reward: 500.00 | loss: 0.26481417
[2025-05-18 11:15:24,752] [DQN_train] [INFO] iteration:   198/  500 | mean reward: 186.82 | max reward: 500.00 | loss: 0.43804848
[2025-05-18 11:15:43,411] [DQN_train] [INFO] iteration:   199/  500 | mean reward: 72.42 | max reward: 338.00 | loss: 0.62036848
[2025-05-18 11:16:05,862] [DQN_train] [INFO] iteration:   200/  500 | mean reward: 86.08 | max reward: 235.00 | loss: 0.26351336
[2025-05-18 11:16:05,864] [DQN_agent] [INFO] Saving model to DQN_model_200.pth
[2025-05-18 11:16:49,194] [DQN_train] [INFO] iteration:   201/  500 | mean reward: 164.94 | max reward: 500.00 | loss: 0.03459978
[2025-05-18 11:17:25,877] [DQN_train] [INFO] iteration:   202/  500 | mean reward: 139.96 | max reward: 406.00 | loss: 0.49522018
[2025-05-18 11:18:09,652] [DQN_train] [INFO] iteration:   203/  500 | mean reward: 165.04 | max reward: 231.00 | loss: 0.28078264
[2025-05-18 11:18:49,421] [DQN_train] [INFO] iteration:   204/  500 | mean reward: 150.30 | max reward: 225.00 | loss: 0.23086023
[2025-05-18 11:19:24,771] [DQN_train] [INFO] iteration:   205/  500 | mean reward: 134.80 | max reward: 228.00 | loss: 0.70351434
[2025-05-18 11:20:00,632] [DQN_train] [INFO] iteration:   206/  500 | mean reward: 139.00 | max reward: 224.00 | loss: 0.23415644
[2025-05-18 11:20:31,667] [DQN_train] [INFO] iteration:   207/  500 | mean reward: 117.44 | max reward: 210.00 | loss: 0.87171537
[2025-05-18 11:21:14,871] [DQN_train] [INFO] iteration:   208/  500 | mean reward: 163.52 | max reward: 500.00 | loss: 0.74811959
[2025-05-18 11:22:32,915] [DQN_train] [INFO] iteration:   209/  500 | mean reward: 298.98 | max reward: 500.00 | loss: 0.64972532
[2025-05-18 11:24:04,255] [DQN_train] [INFO] iteration:   210/  500 | mean reward: 349.68 | max reward: 500.00 | loss: 0.04117950
[2025-05-18 11:25:02,205] [DQN_train] [INFO] iteration:   211/  500 | mean reward: 224.34 | max reward: 500.00 | loss: 0.24486367
[2025-05-18 11:26:25,576] [DQN_train] [INFO] iteration:   212/  500 | mean reward: 324.38 | max reward: 500.00 | loss: 0.66651160
[2025-05-18 11:27:39,137] [DQN_train] [INFO] iteration:   213/  500 | mean reward: 280.94 | max reward: 500.00 | loss: 0.78126639
[2025-05-18 11:28:41,609] [DQN_train] [INFO] iteration:   214/  500 | mean reward: 238.56 | max reward: 500.00 | loss: 0.00907408
[2025-05-18 11:29:15,135] [DQN_train] [INFO] iteration:   215/  500 | mean reward: 128.08 | max reward: 500.00 | loss: 0.20121865
[2025-05-18 11:29:42,862] [DQN_train] [INFO] iteration:   216/  500 | mean reward: 106.14 | max reward: 157.00 | loss: 0.58256453
[2025-05-18 11:30:08,713] [DQN_train] [INFO] iteration:   217/  500 | mean reward: 98.84 | max reward: 134.00 | loss: 0.35802329
[2025-05-18 11:30:35,883] [DQN_train] [INFO] iteration:   218/  500 | mean reward: 104.02 | max reward: 115.00 | loss: 0.08730808
[2025-05-18 11:31:02,030] [DQN_train] [INFO] iteration:   219/  500 | mean reward: 100.54 | max reward: 119.00 | loss: 0.17518178
[2025-05-18 11:31:30,500] [DQN_train] [INFO] iteration:   220/  500 | mean reward: 107.84 | max reward: 117.00 | loss: 0.23024364
[2025-05-18 11:31:57,994] [DQN_train] [INFO] iteration:   221/  500 | mean reward: 107.00 | max reward: 125.00 | loss: 0.88377947
[2025-05-18 11:32:28,171] [DQN_train] [INFO] iteration:   222/  500 | mean reward: 115.46 | max reward: 127.00 | loss: 0.02156265
[2025-05-18 11:33:00,976] [DQN_train] [INFO] iteration:   223/  500 | mean reward: 125.44 | max reward: 136.00 | loss: 0.02929109
[2025-05-18 11:33:30,612] [DQN_train] [INFO] iteration:   224/  500 | mean reward: 115.68 | max reward: 141.00 | loss: 0.02052603
[2025-05-18 11:33:53,060] [DQN_train] [INFO] iteration:   225/  500 | mean reward: 87.32 | max reward: 147.00 | loss: 0.25867802
[2025-05-18 11:34:15,356] [DQN_train] [INFO] iteration:   226/  500 | mean reward: 86.74 | max reward: 95.00 | loss: 0.01262277
[2025-05-18 11:34:38,139] [DQN_train] [INFO] iteration:   227/  500 | mean reward: 89.06 | max reward: 174.00 | loss: 0.23522206
[2025-05-18 11:35:17,031] [DQN_train] [INFO] iteration:   228/  500 | mean reward: 151.04 | max reward: 220.00 | loss: 0.79674935
[2025-05-18 11:36:05,093] [DQN_train] [INFO] iteration:   229/  500 | mean reward: 186.46 | max reward: 221.00 | loss: 0.10825185
[2025-05-18 11:37:56,236] [DQN_train] [INFO] iteration:   230/  500 | mean reward: 431.26 | max reward: 500.00 | loss: 0.43414527
[2025-05-18 11:39:49,791] [DQN_train] [INFO] iteration:   231/  500 | mean reward: 437.02 | max reward: 500.00 | loss: 0.03059130
[2025-05-18 11:41:06,077] [DQN_train] [INFO] iteration:   232/  500 | mean reward: 293.70 | max reward: 500.00 | loss: 0.22359572
[2025-05-18 11:42:43,337] [DQN_train] [INFO] iteration:   233/  500 | mean reward: 375.64 | max reward: 500.00 | loss: 0.02774393
[2025-05-18 11:44:24,429] [DQN_train] [INFO] iteration:   234/  500 | mean reward: 386.88 | max reward: 500.00 | loss: 0.53412485
[2025-05-18 11:46:18,900] [DQN_train] [INFO] iteration:   235/  500 | mean reward: 438.94 | max reward: 500.00 | loss: 0.20460513
[2025-05-18 11:47:55,278] [DQN_train] [INFO] iteration:   236/  500 | mean reward: 367.34 | max reward: 500.00 | loss: 0.20869538
[2025-05-18 11:50:01,337] [DQN_train] [INFO] iteration:   237/  500 | mean reward: 479.40 | max reward: 500.00 | loss: 0.16788541
[2025-05-18 11:52:12,212] [DQN_train] [INFO] iteration:   238/  500 | mean reward: 500.00 | max reward: 500.00 | loss: 0.11985310
[2025-05-18 11:54:21,129] [DQN_train] [INFO] iteration:   239/  500 | mean reward: 493.56 | max reward: 500.00 | loss: 0.02464606
[2025-05-18 11:56:27,612] [DQN_train] [INFO] iteration:   240/  500 | mean reward: 483.62 | max reward: 500.00 | loss: 0.00136373
[2025-05-18 11:58:34,785] [DQN_train] [INFO] iteration:   241/  500 | mean reward: 483.32 | max reward: 500.00 | loss: 0.21333987
[2025-05-18 12:00:38,779] [DQN_train] [INFO] iteration:   242/  500 | mean reward: 471.84 | max reward: 500.00 | loss: 0.21901135
[2025-05-18 12:02:49,612] [DQN_train] [INFO] iteration:   243/  500 | mean reward: 500.00 | max reward: 500.00 | loss: 0.67327422
[2025-05-18 12:05:01,015] [DQN_train] [INFO] iteration:   244/  500 | mean reward: 500.00 | max reward: 500.00 | loss: 0.00236745
[2025-05-18 12:07:11,590] [DQN_train] [INFO] iteration:   245/  500 | mean reward: 500.00 | max reward: 500.00 | loss: 0.22774953
[2025-05-18 12:09:16,086] [DQN_train] [INFO] iteration:   246/  500 | mean reward: 475.62 | max reward: 500.00 | loss: 0.45321444
[2025-05-18 12:11:21,695] [DQN_train] [INFO] iteration:   247/  500 | mean reward: 480.46 | max reward: 500.00 | loss: 0.22669819
[2025-05-18 12:13:33,623] [DQN_train] [INFO] iteration:   248/  500 | mean reward: 500.00 | max reward: 500.00 | loss: 0.00029121
[2025-05-18 12:15:42,746] [DQN_train] [INFO] iteration:   249/  500 | mean reward: 490.28 | max reward: 500.00 | loss: 0.00023348
[2025-05-18 12:17:54,918] [DQN_train] [INFO] iteration:   250/  500 | mean reward: 500.00 | max reward: 500.00 | loss: 0.67610216
[2025-05-18 12:20:03,627] [DQN_train] [INFO] iteration:   251/  500 | mean reward: 500.00 | max reward: 500.00 | loss: 0.00025826
[2025-05-18 12:22:12,426] [DQN_train] [INFO] iteration:   252/  500 | mean reward: 490.24 | max reward: 500.00 | loss: 0.22473489
[2025-05-18 12:24:11,288] [DQN_train] [INFO] iteration:   253/  500 | mean reward: 451.24 | max reward: 500.00 | loss: 0.44878021
[2025-05-18 12:26:23,213] [DQN_train] [INFO] iteration:   254/  500 | mean reward: 500.00 | max reward: 500.00 | loss: 0.22412099
[2025-05-18 12:28:34,819] [DQN_train] [INFO] iteration:   255/  500 | mean reward: 500.00 | max reward: 500.00 | loss: 0.44754106
[2025-05-18 12:30:43,682] [DQN_train] [INFO] iteration:   256/  500 | mean reward: 490.26 | max reward: 500.00 | loss: 0.22356138
[2025-05-18 12:32:21,268] [DQN_train] [INFO] iteration:   257/  500 | mean reward: 370.38 | max reward: 500.00 | loss: 0.23624599
[2025-05-18 12:33:18,290] [DQN_train] [INFO] iteration:   258/  500 | mean reward: 217.04 | max reward: 500.00 | loss: 0.26340687
[2025-05-18 12:34:20,014] [DQN_train] [INFO] iteration:   259/  500 | mean reward: 234.78 | max reward: 500.00 | loss: 0.24661241
[2025-05-18 12:35:35,141] [DQN_train] [INFO] iteration:   260/  500 | mean reward: 285.92 | max reward: 500.00 | loss: 0.43980569
[2025-05-18 12:36:50,652] [DQN_train] [INFO] iteration:   261/  500 | mean reward: 288.56 | max reward: 500.00 | loss: 0.28027225
[2025-05-18 12:37:26,413] [DQN_train] [INFO] iteration:   262/  500 | mean reward: 136.90 | max reward: 169.00 | loss: 0.27569461
[2025-05-18 12:38:07,352] [DQN_train] [INFO] iteration:   263/  500 | mean reward: 155.94 | max reward: 185.00 | loss: 0.28825969
[2025-05-18 12:39:08,291] [DQN_train] [INFO] iteration:   264/  500 | mean reward: 231.84 | max reward: 500.00 | loss: 0.69144070
[2025-05-18 12:41:15,372] [DQN_train] [INFO] iteration:   265/  500 | mean reward: 482.46 | max reward: 500.00 | loss: 0.48539588
[2025-05-18 12:43:22,620] [DQN_train] [INFO] iteration:   266/  500 | mean reward: 480.46 | max reward: 500.00 | loss: 0.01596146
[2025-05-18 12:45:27,170] [DQN_train] [INFO] iteration:   267/  500 | mean reward: 471.08 | max reward: 500.00 | loss: 0.70014954
[2025-05-18 12:47:36,174] [DQN_train] [INFO] iteration:   268/  500 | mean reward: 490.50 | max reward: 500.00 | loss: 0.00102810
[2025-05-18 12:49:45,191] [DQN_train] [INFO] iteration:   269/  500 | mean reward: 490.24 | max reward: 500.00 | loss: 0.46890712
[2025-05-18 12:51:54,997] [DQN_train] [INFO] iteration:   270/  500 | mean reward: 493.02 | max reward: 500.00 | loss: 0.46341479
[2025-05-18 12:54:07,113] [DQN_train] [INFO] iteration:   271/  500 | mean reward: 500.00 | max reward: 500.00 | loss: 0.46526772
[2025-05-18 12:56:18,964] [DQN_train] [INFO] iteration:   272/  500 | mean reward: 500.00 | max reward: 500.00 | loss: 0.00023608
[2025-05-18 12:58:30,446] [DQN_train] [INFO] iteration:   273/  500 | mean reward: 500.00 | max reward: 500.00 | loss: 0.00020528
[2025-05-18 13:00:41,953] [DQN_train] [INFO] iteration:   274/  500 | mean reward: 500.00 | max reward: 500.00 | loss: 0.45573303
[2025-05-18 13:02:53,123] [DQN_train] [INFO] iteration:   275/  500 | mean reward: 496.76 | max reward: 500.00 | loss: 0.22687557
[2025-05-18 13:05:01,596] [DQN_train] [INFO] iteration:   276/  500 | mean reward: 498.82 | max reward: 500.00 | loss: 0.22686476
[2025-05-18 13:07:04,832] [DQN_train] [INFO] iteration:   277/  500 | mean reward: 480.90 | max reward: 500.00 | loss: 0.01329202
[2025-05-18 13:08:31,372] [DQN_train] [INFO] iteration:   278/  500 | mean reward: 328.66 | max reward: 500.00 | loss: 0.05281952
[2025-05-18 13:09:34,117] [DQN_train] [INFO] iteration:   279/  500 | mean reward: 238.84 | max reward: 294.00 | loss: 0.47289565
[2025-05-18 13:10:30,415] [DQN_train] [INFO] iteration:   280/  500 | mean reward: 214.72 | max reward: 248.00 | loss: 0.49789971
[2025-05-18 13:11:17,736] [DQN_train] [INFO] iteration:   281/  500 | mean reward: 181.40 | max reward: 212.00 | loss: 0.92410064
[2025-05-18 13:12:00,933] [DQN_train] [INFO] iteration:   282/  500 | mean reward: 165.68 | max reward: 185.00 | loss: 0.06360789
[2025-05-18 13:12:27,533] [DQN_train] [INFO] iteration:   283/  500 | mean reward: 102.04 | max reward: 140.00 | loss: 1.27159083
[2025-05-18 13:12:53,175] [DQN_train] [INFO] iteration:   284/  500 | mean reward: 98.32 | max reward: 116.00 | loss: 0.28577024
[2025-05-18 13:13:15,229] [DQN_train] [INFO] iteration:   285/  500 | mean reward: 85.12 | max reward: 112.00 | loss: 0.26441038
[2025-05-18 13:13:41,608] [DQN_train] [INFO] iteration:   286/  500 | mean reward: 100.58 | max reward: 138.00 | loss: 0.73772389
[2025-05-18 13:14:12,922] [DQN_train] [INFO] iteration:   287/  500 | mean reward: 118.96 | max reward: 232.00 | loss: 0.52791703
[2025-05-18 13:15:01,462] [DQN_train] [INFO] iteration:   288/  500 | mean reward: 185.32 | max reward: 500.00 | loss: 0.50899982
[2025-05-18 13:16:46,890] [DQN_train] [INFO] iteration:   289/  500 | mean reward: 401.50 | max reward: 500.00 | loss: 1.28472996
[2025-05-18 13:18:46,237] [DQN_train] [INFO] iteration:   290/  500 | mean reward: 453.58 | max reward: 500.00 | loss: 0.70910752
[2025-05-18 13:20:50,333] [DQN_train] [INFO] iteration:   291/  500 | mean reward: 470.96 | max reward: 500.00 | loss: 1.26693988
[2025-05-18 13:21:47,816] [DQN_train] [INFO] iteration:   292/  500 | mean reward: 218.66 | max reward: 252.00 | loss: 0.49840730
[2025-05-18 13:22:59,858] [DQN_train] [INFO] iteration:   293/  500 | mean reward: 273.46 | max reward: 331.00 | loss: 0.51290005
[2025-05-18 13:23:33,157] [DQN_train] [INFO] iteration:   294/  500 | mean reward: 126.64 | max reward: 260.00 | loss: 0.54880792
[2025-05-18 13:24:06,317] [DQN_train] [INFO] iteration:   295/  500 | mean reward: 126.60 | max reward: 271.00 | loss: 0.27654329
[2025-05-18 13:24:37,045] [DQN_train] [INFO] iteration:   296/  500 | mean reward: 117.14 | max reward: 137.00 | loss: 0.79928076
[2025-05-18 13:25:05,000] [DQN_train] [INFO] iteration:   297/  500 | mean reward: 106.06 | max reward: 132.00 | loss: 0.00501984
[2025-05-18 13:25:35,415] [DQN_train] [INFO] iteration:   298/  500 | mean reward: 115.92 | max reward: 131.00 | loss: 0.27001101
[2025-05-18 13:26:04,861] [DQN_train] [INFO] iteration:   299/  500 | mean reward: 111.64 | max reward: 126.00 | loss: 0.00420231
[2025-05-18 13:26:33,442] [DQN_train] [INFO] iteration:   300/  500 | mean reward: 105.92 | max reward: 121.00 | loss: 0.52001262
[2025-05-18 13:26:33,442] [DQN_agent] [INFO] Saving model to DQN_model_300.pth
[2025-05-18 13:27:02,799] [DQN_train] [INFO] iteration:   301/  500 | mean reward: 104.08 | max reward: 117.00 | loss: 1.03335786
[2025-05-18 13:27:28,607] [DQN_train] [INFO] iteration:   302/  500 | mean reward: 98.08 | max reward: 118.00 | loss: 0.25797424
[2025-05-18 13:27:53,027] [DQN_train] [INFO] iteration:   303/  500 | mean reward: 92.80 | max reward: 103.00 | loss: 0.51213288
[2025-05-18 13:28:15,409] [DQN_train] [INFO] iteration:   304/  500 | mean reward: 85.54 | max reward: 103.00 | loss: 1.25463128
[2025-05-18 13:28:36,013] [DQN_train] [INFO] iteration:   305/  500 | mean reward: 79.52 | max reward: 102.00 | loss: 1.22697425
[2025-05-18 13:29:00,040] [DQN_train] [INFO] iteration:   306/  500 | mean reward: 89.32 | max reward: 108.00 | loss: 0.48266414
[2025-05-18 13:29:23,189] [DQN_train] [INFO] iteration:   307/  500 | mean reward: 87.78 | max reward: 104.00 | loss: 0.71159041
[2025-05-18 13:29:46,997] [DQN_train] [INFO] iteration:   308/  500 | mean reward: 90.64 | max reward: 103.00 | loss: 1.40246987
[2025-05-18 13:30:09,723] [DQN_train] [INFO] iteration:   309/  500 | mean reward: 87.14 | max reward: 104.00 | loss: 0.69463336
[2025-05-18 13:30:33,441] [DQN_train] [INFO] iteration:   310/  500 | mean reward: 90.82 | max reward: 99.00 | loss: 1.62854648
[2025-05-18 13:30:57,463] [DQN_train] [INFO] iteration:   311/  500 | mean reward: 91.38 | max reward: 97.00 | loss: 1.16739607
[2025-05-18 13:31:20,116] [DQN_train] [INFO] iteration:   312/  500 | mean reward: 86.04 | max reward: 106.00 | loss: 0.23065376
[2025-05-18 13:31:40,993] [DQN_train] [INFO] iteration:   313/  500 | mean reward: 80.86 | max reward: 95.00 | loss: 1.61531961
[2025-05-18 13:32:02,148] [DQN_train] [INFO] iteration:   314/  500 | mean reward: 80.82 | max reward: 95.00 | loss: 1.12814832
[2025-05-18 13:32:24,581] [DQN_train] [INFO] iteration:   315/  500 | mean reward: 85.70 | max reward: 96.00 | loss: 2.26580477
[2025-05-18 13:32:47,376] [DQN_train] [INFO] iteration:   316/  500 | mean reward: 86.68 | max reward: 96.00 | loss: 0.73285431
[2025-05-18 13:33:09,183] [DQN_train] [INFO] iteration:   317/  500 | mean reward: 82.94 | max reward: 98.00 | loss: 1.78465188
[2025-05-18 13:33:30,586] [DQN_train] [INFO] iteration:   318/  500 | mean reward: 81.30 | max reward: 96.00 | loss: 0.65451062
[2025-05-18 13:33:52,759] [DQN_train] [INFO] iteration:   319/  500 | mean reward: 84.36 | max reward: 97.00 | loss: 1.31982398
[2025-05-18 13:34:15,047] [DQN_train] [INFO] iteration:   320/  500 | mean reward: 85.16 | max reward: 98.00 | loss: 1.54905868
[2025-05-18 13:34:35,662] [DQN_train] [INFO] iteration:   321/  500 | mean reward: 79.16 | max reward: 100.00 | loss: 1.51219606
[2025-05-18 13:35:00,846] [DQN_train] [INFO] iteration:   322/  500 | mean reward: 96.66 | max reward: 500.00 | loss: 1.57904768
[2025-05-18 13:35:23,652] [DQN_train] [INFO] iteration:   323/  500 | mean reward: 87.36 | max reward: 101.00 | loss: 0.89814687
[2025-05-18 13:35:50,554] [DQN_train] [INFO] iteration:   324/  500 | mean reward: 102.78 | max reward: 500.00 | loss: 1.41636777
[2025-05-18 13:36:15,521] [DQN_train] [INFO] iteration:   325/  500 | mean reward: 95.62 | max reward: 500.00 | loss: 0.79440987
[2025-05-18 13:36:37,720] [DQN_train] [INFO] iteration:   326/  500 | mean reward: 84.58 | max reward: 106.00 | loss: 1.37353683
[2025-05-18 13:37:02,422] [DQN_train] [INFO] iteration:   327/  500 | mean reward: 94.64 | max reward: 106.00 | loss: 1.35139811
[2025-05-18 13:37:25,586] [DQN_train] [INFO] iteration:   328/  500 | mean reward: 89.08 | max reward: 106.00 | loss: 1.48379564
[2025-05-18 13:37:49,458] [DQN_train] [INFO] iteration:   329/  500 | mean reward: 91.28 | max reward: 110.00 | loss: 0.79310542
[2025-05-18 13:38:14,777] [DQN_train] [INFO] iteration:   330/  500 | mean reward: 94.08 | max reward: 109.00 | loss: 1.07461762
[2025-05-18 13:38:39,525] [DQN_train] [INFO] iteration:   331/  500 | mean reward: 92.50 | max reward: 108.00 | loss: 1.70712888
[2025-05-18 13:39:04,458] [DQN_train] [INFO] iteration:   332/  500 | mean reward: 94.56 | max reward: 113.00 | loss: 1.36346078
[2025-05-18 13:39:28,977] [DQN_train] [INFO] iteration:   333/  500 | mean reward: 90.82 | max reward: 115.00 | loss: 1.10947073
[2025-05-18 13:39:56,581] [DQN_train] [INFO] iteration:   334/  500 | mean reward: 100.30 | max reward: 120.00 | loss: 0.97414076
[2025-05-18 13:40:26,243] [DQN_train] [INFO] iteration:   335/  500 | mean reward: 110.20 | max reward: 118.00 | loss: 1.52565038
[2025-05-18 13:41:00,607] [DQN_train] [INFO] iteration:   336/  500 | mean reward: 126.62 | max reward: 143.00 | loss: 1.03388429
[2025-05-18 13:41:44,163] [DQN_train] [INFO] iteration:   337/  500 | mean reward: 163.24 | max reward: 500.00 | loss: 1.31721449
[2025-05-18 13:42:18,531] [DQN_train] [INFO] iteration:   338/  500 | mean reward: 128.26 | max reward: 208.00 | loss: 1.37700927
[2025-05-18 13:43:04,530] [DQN_train] [INFO] iteration:   339/  500 | mean reward: 176.74 | max reward: 221.00 | loss: 1.14011049
[2025-05-18 13:43:39,450] [DQN_train] [INFO] iteration:   340/  500 | mean reward: 132.66 | max reward: 314.00 | loss: 0.74253577
[2025-05-18 13:44:11,843] [DQN_train] [INFO] iteration:   341/  500 | mean reward: 122.20 | max reward: 132.00 | loss: 0.61856925
[2025-05-18 13:44:41,283] [DQN_train] [INFO] iteration:   342/  500 | mean reward: 111.30 | max reward: 132.00 | loss: 0.64562923
[2025-05-18 13:45:13,262] [DQN_train] [INFO] iteration:   343/  500 | mean reward: 120.98 | max reward: 132.00 | loss: 0.26592514
[2025-05-18 13:46:09,153] [DQN_train] [INFO] iteration:   344/  500 | mean reward: 212.02 | max reward: 500.00 | loss: 0.60924315
[2025-05-18 13:48:10,750] [DQN_train] [INFO] iteration:   345/  500 | mean reward: 455.04 | max reward: 500.00 | loss: 1.41760540
[2025-05-18 13:49:45,817] [DQN_train] [INFO] iteration:   346/  500 | mean reward: 377.06 | max reward: 500.00 | loss: 0.72119784
[2025-05-18 13:51:14,368] [DQN_train] [INFO] iteration:   347/  500 | mean reward: 324.68 | max reward: 500.00 | loss: 0.46601027
[2025-05-18 13:52:48,527] [DQN_train] [INFO] iteration:   348/  500 | mean reward: 359.72 | max reward: 500.00 | loss: 0.66378129
[2025-05-18 13:54:24,181] [DQN_train] [INFO] iteration:   349/  500 | mean reward: 360.26 | max reward: 500.00 | loss: 0.57627004
[2025-05-18 13:56:01,426] [DQN_train] [INFO] iteration:   350/  500 | mean reward: 365.12 | max reward: 500.00 | loss: 0.28920010
[2025-05-18 13:57:59,818] [DQN_train] [INFO] iteration:   351/  500 | mean reward: 445.50 | max reward: 500.00 | loss: 0.85787296
[2025-05-18 13:59:54,303] [DQN_train] [INFO] iteration:   352/  500 | mean reward: 430.50 | max reward: 500.00 | loss: 0.58817011
[2025-05-18 14:01:32,596] [DQN_train] [INFO] iteration:   353/  500 | mean reward: 369.74 | max reward: 500.00 | loss: 0.56919819
[2025-05-18 14:03:44,690] [DQN_train] [INFO] iteration:   354/  500 | mean reward: 498.76 | max reward: 500.00 | loss: 0.78319949
[2025-05-18 14:05:47,580] [DQN_train] [INFO] iteration:   355/  500 | mean reward: 463.34 | max reward: 500.00 | loss: 0.39063534
[2025-05-18 14:07:58,232] [DQN_train] [INFO] iteration:   356/  500 | mean reward: 491.50 | max reward: 500.00 | loss: 0.38765037
[2025-05-18 14:09:23,380] [DQN_train] [INFO] iteration:   357/  500 | mean reward: 323.06 | max reward: 500.00 | loss: 0.33883756
[2025-05-18 14:10:33,279] [DQN_train] [INFO] iteration:   358/  500 | mean reward: 261.38 | max reward: 500.00 | loss: 0.72622550
[2025-05-18 14:11:34,252] [DQN_train] [INFO] iteration:   359/  500 | mean reward: 228.64 | max reward: 500.00 | loss: 0.38693616
[2025-05-18 14:12:35,106] [DQN_train] [INFO] iteration:   360/  500 | mean reward: 226.42 | max reward: 500.00 | loss: 0.37545663
[2025-05-18 14:13:28,052] [DQN_train] [INFO] iteration:   361/  500 | mean reward: 198.64 | max reward: 216.00 | loss: 0.25598800
[2025-05-18 14:14:20,745] [DQN_train] [INFO] iteration:   362/  500 | mean reward: 198.78 | max reward: 253.00 | loss: 1.09143794
[2025-05-18 14:14:48,762] [DQN_train] [INFO] iteration:   363/  500 | mean reward: 105.62 | max reward: 211.00 | loss: 1.10247827
[2025-05-18 14:15:33,506] [DQN_train] [INFO] iteration:   364/  500 | mean reward: 168.74 | max reward: 238.00 | loss: 0.99160320
[2025-05-18 14:15:57,910] [DQN_train] [INFO] iteration:   365/  500 | mean reward: 93.46 | max reward: 231.00 | loss: 0.99894232
[2025-05-18 14:16:40,660] [DQN_train] [INFO] iteration:   366/  500 | mean reward: 162.24 | max reward: 233.00 | loss: 0.71696943
[2025-05-18 14:17:08,579] [DQN_train] [INFO] iteration:   367/  500 | mean reward: 106.46 | max reward: 186.00 | loss: 0.63597018
[2025-05-18 14:17:50,000] [DQN_train] [INFO] iteration:   368/  500 | mean reward: 156.68 | max reward: 198.00 | loss: 1.35827100
[2025-05-18 14:18:34,226] [DQN_train] [INFO] iteration:   369/  500 | mean reward: 166.14 | max reward: 208.00 | loss: 1.44692469
[2025-05-18 14:19:26,477] [DQN_train] [INFO] iteration:   370/  500 | mean reward: 197.22 | max reward: 500.00 | loss: 1.76515365
[2025-05-18 14:20:19,900] [DQN_train] [INFO] iteration:   371/  500 | mean reward: 201.98 | max reward: 233.00 | loss: 1.07385099
[2025-05-18 14:21:13,121] [DQN_train] [INFO] iteration:   372/  500 | mean reward: 200.24 | max reward: 228.00 | loss: 2.10708761
[2025-05-18 14:22:04,552] [DQN_train] [INFO] iteration:   373/  500 | mean reward: 193.80 | max reward: 500.00 | loss: 1.03881311
[2025-05-18 14:23:58,530] [DQN_train] [INFO] iteration:   374/  500 | mean reward: 428.54 | max reward: 500.00 | loss: 0.70085138
[2025-05-18 14:25:54,917] [DQN_train] [INFO] iteration:   375/  500 | mean reward: 438.14 | max reward: 500.00 | loss: 1.14151108
[2025-05-18 14:27:41,529] [DQN_train] [INFO] iteration:   376/  500 | mean reward: 398.78 | max reward: 500.00 | loss: 1.06069398
[2025-05-18 14:29:38,917] [DQN_train] [INFO] iteration:   377/  500 | mean reward: 442.00 | max reward: 500.00 | loss: 0.35941005
[2025-05-18 14:31:37,532] [DQN_train] [INFO] iteration:   378/  500 | mean reward: 447.70 | max reward: 500.00 | loss: 0.72582930
[2025-05-18 14:33:30,527] [DQN_train] [INFO] iteration:   379/  500 | mean reward: 428.68 | max reward: 500.00 | loss: 1.04280972
[2025-05-18 14:35:24,056] [DQN_train] [INFO] iteration:   380/  500 | mean reward: 430.46 | max reward: 500.00 | loss: 0.30469489
[2025-05-18 14:37:07,896] [DQN_train] [INFO] iteration:   381/  500 | mean reward: 393.26 | max reward: 500.00 | loss: 0.00115050
[2025-05-18 14:38:45,131] [DQN_train] [INFO] iteration:   382/  500 | mean reward: 372.46 | max reward: 500.00 | loss: 0.70638537
[2025-05-18 14:40:07,528] [DQN_train] [INFO] iteration:   383/  500 | mean reward: 309.62 | max reward: 500.00 | loss: 0.00307367
[2025-05-18 14:41:46,465] [DQN_train] [INFO] iteration:   384/  500 | mean reward: 367.14 | max reward: 500.00 | loss: 0.70300949
[2025-05-18 14:43:32,321] [DQN_train] [INFO] iteration:   385/  500 | mean reward: 394.24 | max reward: 500.00 | loss: 0.35667387
[2025-05-18 14:45:18,498] [DQN_train] [INFO] iteration:   386/  500 | mean reward: 398.68 | max reward: 500.00 | loss: 0.00614782
[2025-05-18 14:46:23,203] [DQN_train] [INFO] iteration:   387/  500 | mean reward: 243.88 | max reward: 500.00 | loss: 0.68716812
[2025-05-18 14:47:27,578] [DQN_train] [INFO] iteration:   388/  500 | mean reward: 241.98 | max reward: 464.00 | loss: 0.35156164
[2025-05-18 14:48:24,770] [DQN_train] [INFO] iteration:   389/  500 | mean reward: 213.22 | max reward: 448.00 | loss: 0.00408589
[2025-05-18 14:49:30,531] [DQN_train] [INFO] iteration:   390/  500 | mean reward: 244.82 | max reward: 500.00 | loss: 0.68777353
[2025-05-18 14:51:02,765] [DQN_train] [INFO] iteration:   391/  500 | mean reward: 342.58 | max reward: 500.00 | loss: 0.67605907
[2025-05-18 14:52:34,680] [DQN_train] [INFO] iteration:   392/  500 | mean reward: 343.92 | max reward: 500.00 | loss: 0.68539208
[2025-05-18 14:54:20,979] [DQN_train] [INFO] iteration:   393/  500 | mean reward: 393.76 | max reward: 500.00 | loss: 1.30715752
[2025-05-18 14:56:14,865] [DQN_train] [INFO] iteration:   394/  500 | mean reward: 429.16 | max reward: 500.00 | loss: 0.95022619
[2025-05-18 14:57:48,798] [DQN_train] [INFO] iteration:   395/  500 | mean reward: 359.24 | max reward: 500.00 | loss: 0.34273878
[2025-05-18 14:59:43,733] [DQN_train] [INFO] iteration:   396/  500 | mean reward: 438.46 | max reward: 500.00 | loss: 0.32393363
[2025-05-18 15:01:32,954] [DQN_train] [INFO] iteration:   397/  500 | mean reward: 412.36 | max reward: 500.00 | loss: 0.00284342
[2025-05-18 15:03:24,811] [DQN_train] [INFO] iteration:   398/  500 | mean reward: 421.24 | max reward: 500.00 | loss: 0.66321689
[2025-05-18 15:05:13,168] [DQN_train] [INFO] iteration:   399/  500 | mean reward: 413.28 | max reward: 500.00 | loss: 1.64962637
[2025-05-18 15:07:03,293] [DQN_train] [INFO] iteration:   400/  500 | mean reward: 408.80 | max reward: 500.00 | loss: 0.00396903
[2025-05-18 15:07:03,294] [DQN_agent] [INFO] Saving model to DQN_model_400.pth
[2025-05-18 15:08:44,515] [DQN_train] [INFO] iteration:   401/  500 | mean reward: 368.08 | max reward: 500.00 | loss: 0.32779634
[2025-05-18 15:10:39,709] [DQN_train] [INFO] iteration:   402/  500 | mean reward: 425.68 | max reward: 500.00 | loss: 0.32405886
[2025-05-18 15:12:38,174] [DQN_train] [INFO] iteration:   403/  500 | mean reward: 439.06 | max reward: 500.00 | loss: 0.32554984
[2025-05-18 15:14:20,465] [DQN_train] [INFO] iteration:   404/  500 | mean reward: 384.28 | max reward: 500.00 | loss: 1.29231894
[2025-05-18 15:16:05,825] [DQN_train] [INFO] iteration:   405/  500 | mean reward: 393.78 | max reward: 500.00 | loss: 0.32333091
[2025-05-18 15:18:14,203] [DQN_train] [INFO] iteration:   406/  500 | mean reward: 480.48 | max reward: 500.00 | loss: 0.64271224
[2025-05-18 15:20:06,178] [DQN_train] [INFO] iteration:   407/  500 | mean reward: 421.76 | max reward: 500.00 | loss: 0.64389729
[2025-05-18 15:22:05,418] [DQN_train] [INFO] iteration:   408/  500 | mean reward: 446.06 | max reward: 500.00 | loss: 0.00387985
[2025-05-18 15:24:02,209] [DQN_train] [INFO] iteration:   409/  500 | mean reward: 435.76 | max reward: 500.00 | loss: 0.63942981
[2025-05-18 15:26:11,093] [DQN_train] [INFO] iteration:   410/  500 | mean reward: 480.50 | max reward: 500.00 | loss: 0.32031417
[2025-05-18 15:28:09,656] [DQN_train] [INFO] iteration:   411/  500 | mean reward: 445.46 | max reward: 500.00 | loss: 0.00302430
[2025-05-18 15:29:46,079] [DQN_train] [INFO] iteration:   412/  500 | mean reward: 362.36 | max reward: 500.00 | loss: 0.00142683
[2025-05-18 15:31:20,916] [DQN_train] [INFO] iteration:   413/  500 | mean reward: 357.86 | max reward: 500.00 | loss: 0.00515012
[2025-05-18 15:33:06,651] [DQN_train] [INFO] iteration:   414/  500 | mean reward: 395.58 | max reward: 500.00 | loss: 0.63896966
[2025-05-18 15:35:08,781] [DQN_train] [INFO] iteration:   415/  500 | mean reward: 453.98 | max reward: 500.00 | loss: 1.26050222
[2025-05-18 15:36:51,255] [DQN_train] [INFO] iteration:   416/  500 | mean reward: 381.48 | max reward: 500.00 | loss: 0.60025275
[2025-05-18 15:38:48,253] [DQN_train] [INFO] iteration:   417/  500 | mean reward: 433.78 | max reward: 500.00 | loss: 0.31086403
[2025-05-18 15:40:50,200] [DQN_train] [INFO] iteration:   418/  500 | mean reward: 451.38 | max reward: 500.00 | loss: 0.61612344
[2025-05-18 15:42:01,433] [DQN_train] [INFO] iteration:   419/  500 | mean reward: 267.08 | max reward: 500.00 | loss: 0.92906719
[2025-05-18 15:42:23,623] [DQN_train] [INFO] iteration:   420/  500 | mean reward: 82.70 | max reward: 100.00 | loss: 0.00999704
[2025-05-18 15:42:44,943] [DQN_train] [INFO] iteration:   421/  500 | mean reward: 78.98 | max reward: 95.00 | loss: 0.30964690
[2025-05-18 15:43:08,042] [DQN_train] [INFO] iteration:   422/  500 | mean reward: 85.22 | max reward: 96.00 | loss: 0.30571848
[2025-05-18 15:43:31,400] [DQN_train] [INFO] iteration:   423/  500 | mean reward: 86.46 | max reward: 97.00 | loss: 0.00251313
[2025-05-18 15:43:54,308] [DQN_train] [INFO] iteration:   424/  500 | mean reward: 85.04 | max reward: 96.00 | loss: 0.94840693
[2025-05-18 15:44:18,040] [DQN_train] [INFO] iteration:   425/  500 | mean reward: 88.14 | max reward: 99.00 | loss: 1.32853103
[2025-05-18 15:44:41,999] [DQN_train] [INFO] iteration:   426/  500 | mean reward: 90.04 | max reward: 98.00 | loss: 0.66564047
[2025-05-18 15:45:04,189] [DQN_train] [INFO] iteration:   427/  500 | mean reward: 85.30 | max reward: 98.00 | loss: 0.96018320
[2025-05-18 15:45:28,237] [DQN_train] [INFO] iteration:   428/  500 | mean reward: 89.68 | max reward: 96.00 | loss: 1.25747550
[2025-05-18 15:45:50,629] [DQN_train] [INFO] iteration:   429/  500 | mean reward: 83.74 | max reward: 98.00 | loss: 0.98655146
[2025-05-18 15:46:11,682] [DQN_train] [INFO] iteration:   430/  500 | mean reward: 79.54 | max reward: 97.00 | loss: 0.91881162
[2025-05-18 15:46:34,374] [DQN_train] [INFO] iteration:   431/  500 | mean reward: 85.38 | max reward: 99.00 | loss: 2.22773457
[2025-05-18 15:46:57,531] [DQN_train] [INFO] iteration:   432/  500 | mean reward: 87.06 | max reward: 98.00 | loss: 0.32508552
[2025-05-18 15:47:21,614] [DQN_train] [INFO] iteration:   433/  500 | mean reward: 90.66 | max reward: 99.00 | loss: 1.56169534
[2025-05-18 15:47:44,778] [DQN_train] [INFO] iteration:   434/  500 | mean reward: 87.06 | max reward: 99.00 | loss: 1.86698127
[2025-05-18 15:48:08,099] [DQN_train] [INFO] iteration:   435/  500 | mean reward: 87.42 | max reward: 100.00 | loss: 2.15296268
[2025-05-18 15:48:31,897] [DQN_train] [INFO] iteration:   436/  500 | mean reward: 89.40 | max reward: 103.00 | loss: 0.94354784
[2025-05-18 15:48:54,842] [DQN_train] [INFO] iteration:   437/  500 | mean reward: 85.92 | max reward: 99.00 | loss: 2.38585162
[2025-05-18 15:49:18,932] [DQN_train] [INFO] iteration:   438/  500 | mean reward: 90.34 | max reward: 99.00 | loss: 1.78478622
[2025-05-18 15:49:41,843] [DQN_train] [INFO] iteration:   439/  500 | mean reward: 86.18 | max reward: 102.00 | loss: 1.49675953
[2025-05-18 15:50:04,536] [DQN_train] [INFO] iteration:   440/  500 | mean reward: 85.42 | max reward: 99.00 | loss: 0.91301471
[2025-05-18 15:50:24,964] [DQN_train] [INFO] iteration:   441/  500 | mean reward: 76.92 | max reward: 135.00 | loss: 2.36016822
[2025-05-18 15:50:47,653] [DQN_train] [INFO] iteration:   442/  500 | mean reward: 85.04 | max reward: 103.00 | loss: 1.79608512
[2025-05-18 15:51:14,395] [DQN_train] [INFO] iteration:   443/  500 | mean reward: 100.26 | max reward: 109.00 | loss: 1.50248981
[2025-05-18 15:51:40,415] [DQN_train] [INFO] iteration:   444/  500 | mean reward: 97.92 | max reward: 106.00 | loss: 0.61670560
[2025-05-18 15:52:06,793] [DQN_train] [INFO] iteration:   445/  500 | mean reward: 100.08 | max reward: 107.00 | loss: 2.17979097
[2025-05-18 15:52:32,019] [DQN_train] [INFO] iteration:   446/  500 | mean reward: 94.82 | max reward: 110.00 | loss: 1.05455852
[2025-05-18 15:52:56,213] [DQN_train] [INFO] iteration:   447/  500 | mean reward: 90.38 | max reward: 109.00 | loss: 1.48050702
[2025-05-18 15:53:18,650] [DQN_train] [INFO] iteration:   448/  500 | mean reward: 84.50 | max reward: 106.00 | loss: 1.53597665
[2025-05-18 15:53:36,228] [DQN_train] [INFO] iteration:   449/  500 | mean reward: 65.92 | max reward: 103.00 | loss: 1.76726937
[2025-05-18 15:54:01,879] [DQN_train] [INFO] iteration:   450/  500 | mean reward: 87.04 | max reward: 110.00 | loss: 2.19693470
[2025-05-18 15:54:27,058] [DQN_train] [INFO] iteration:   451/  500 | mean reward: 85.78 | max reward: 103.00 | loss: 3.40547299
[2025-05-18 15:54:48,621] [DQN_train] [INFO] iteration:   452/  500 | mean reward: 82.64 | max reward: 143.00 | loss: 1.33645976
[2025-05-18 15:55:12,131] [DQN_train] [INFO] iteration:   453/  500 | mean reward: 90.30 | max reward: 145.00 | loss: 1.91887975
[2025-05-18 15:55:34,763] [DQN_train] [INFO] iteration:   454/  500 | mean reward: 87.26 | max reward: 101.00 | loss: 2.13107800
[2025-05-18 15:55:55,313] [DQN_train] [INFO] iteration:   455/  500 | mean reward: 79.84 | max reward: 156.00 | loss: 3.99344444
[2025-05-18 15:56:18,822] [DQN_train] [INFO] iteration:   456/  500 | mean reward: 90.04 | max reward: 116.00 | loss: 1.97470129
[2025-05-18 15:56:43,231] [DQN_train] [INFO] iteration:   457/  500 | mean reward: 93.86 | max reward: 113.00 | loss: 2.04099274
[2025-05-18 15:57:06,772] [DQN_train] [INFO] iteration:   458/  500 | mean reward: 90.56 | max reward: 130.00 | loss: 4.51890898
[2025-05-18 15:57:33,880] [DQN_train] [INFO] iteration:   459/  500 | mean reward: 104.16 | max reward: 191.00 | loss: 1.24524140
[2025-05-18 15:57:57,329] [DQN_train] [INFO] iteration:   460/  500 | mean reward: 90.38 | max reward: 150.00 | loss: 0.68883437
[2025-05-18 15:58:21,902] [DQN_train] [INFO] iteration:   461/  500 | mean reward: 94.68 | max reward: 106.00 | loss: 1.87074721
[2025-05-18 15:58:46,779] [DQN_train] [INFO] iteration:   462/  500 | mean reward: 94.96 | max reward: 107.00 | loss: 2.96894383
[2025-05-18 15:59:10,555] [DQN_train] [INFO] iteration:   463/  500 | mean reward: 91.28 | max reward: 104.00 | loss: 1.99438941
[2025-05-18 15:59:34,183] [DQN_train] [INFO] iteration:   464/  500 | mean reward: 90.90 | max reward: 103.00 | loss: 0.71883488
[2025-05-18 15:59:57,286] [DQN_train] [INFO] iteration:   465/  500 | mean reward: 88.52 | max reward: 102.00 | loss: 1.29572368
[2025-05-18 16:00:21,827] [DQN_train] [INFO] iteration:   466/  500 | mean reward: 94.44 | max reward: 103.00 | loss: 1.85412216
[2025-05-18 16:00:42,855] [DQN_train] [INFO] iteration:   467/  500 | mean reward: 85.18 | max reward: 102.00 | loss: 1.94369602
[2025-05-18 16:01:07,127] [DQN_train] [INFO] iteration:   468/  500 | mean reward: 93.10 | max reward: 100.00 | loss: 1.31719077
[2025-05-18 16:01:30,073] [DQN_train] [INFO] iteration:   469/  500 | mean reward: 87.76 | max reward: 112.00 | loss: 1.81276059
[2025-05-18 16:01:55,081] [DQN_train] [INFO] iteration:   470/  500 | mean reward: 95.56 | max reward: 133.00 | loss: 2.54824400
[2025-05-18 16:02:21,276] [DQN_train] [INFO] iteration:   471/  500 | mean reward: 97.00 | max reward: 121.00 | loss: 1.80749226
[2025-05-18 16:03:00,467] [DQN_train] [INFO] iteration:   472/  500 | mean reward: 149.02 | max reward: 206.00 | loss: 1.51593351
[2025-05-18 16:03:49,650] [DQN_train] [INFO] iteration:   473/  500 | mean reward: 185.70 | max reward: 201.00 | loss: 1.81258023
[2025-05-18 16:04:34,628] [DQN_train] [INFO] iteration:   474/  500 | mean reward: 169.56 | max reward: 211.00 | loss: 1.53060961
[2025-05-18 16:05:22,507] [DQN_train] [INFO] iteration:   475/  500 | mean reward: 181.24 | max reward: 212.00 | loss: 0.91564018
[2025-05-18 16:06:16,206] [DQN_train] [INFO] iteration:   476/  500 | mean reward: 203.94 | max reward: 228.00 | loss: 0.54402471
[2025-05-18 16:07:07,124] [DQN_train] [INFO] iteration:   477/  500 | mean reward: 191.88 | max reward: 222.00 | loss: 1.29556108
[2025-05-18 16:07:59,583] [DQN_train] [INFO] iteration:   478/  500 | mean reward: 200.14 | max reward: 244.00 | loss: 1.26325750
[2025-05-18 16:08:18,996] [DQN_train] [INFO] iteration:   479/  500 | mean reward: 74.42 | max reward: 500.00 | loss: 1.60174429
[2025-05-18 16:08:40,475] [DQN_train] [INFO] iteration:   480/  500 | mean reward: 82.64 | max reward: 313.00 | loss: 2.09633636
[2025-05-18 16:09:12,059] [DQN_train] [INFO] iteration:   481/  500 | mean reward: 121.00 | max reward: 369.00 | loss: 0.99855626
[2025-05-18 16:11:01,957] [DQN_train] [INFO] iteration:   482/  500 | mean reward: 418.76 | max reward: 500.00 | loss: 0.34023216
[2025-05-18 16:13:04,765] [DQN_train] [INFO] iteration:   483/  500 | mean reward: 467.54 | max reward: 500.00 | loss: 1.99787319
[2025-05-18 16:15:06,293] [DQN_train] [INFO] iteration:   484/  500 | mean reward: 482.94 | max reward: 500.00 | loss: 0.93701762
[2025-05-18 16:17:03,307] [DQN_train] [INFO] iteration:   485/  500 | mean reward: 500.00 | max reward: 500.00 | loss: 0.39156410
[2025-05-18 16:19:10,094] [DQN_train] [INFO] iteration:   486/  500 | mean reward: 500.00 | max reward: 500.00 | loss: 0.37757999
[2025-05-18 16:21:21,276] [DQN_train] [INFO] iteration:   487/  500 | mean reward: 500.00 | max reward: 500.00 | loss: 0.00116191
[2025-05-18 16:23:32,668] [DQN_train] [INFO] iteration:   488/  500 | mean reward: 500.00 | max reward: 500.00 | loss: 0.37161505
[2025-05-18 16:25:33,581] [DQN_train] [INFO] iteration:   489/  500 | mean reward: 500.00 | max reward: 500.00 | loss: 0.36867011
[2025-05-18 16:27:29,938] [DQN_train] [INFO] iteration:   490/  500 | mean reward: 500.00 | max reward: 500.00 | loss: 0.00018359
[2025-05-18 16:29:24,456] [DQN_train] [INFO] iteration:   491/  500 | mean reward: 500.00 | max reward: 500.00 | loss: 1.08934832
[2025-05-18 16:31:22,739] [DQN_train] [INFO] iteration:   492/  500 | mean reward: 500.00 | max reward: 500.00 | loss: 0.00011267
[2025-05-18 16:33:16,071] [DQN_train] [INFO] iteration:   493/  500 | mean reward: 490.28 | max reward: 500.00 | loss: 0.35791528
[2025-05-18 16:35:12,509] [DQN_train] [INFO] iteration:   494/  500 | mean reward: 500.00 | max reward: 500.00 | loss: 0.00014917
