[2025-05-17 15:44:13,890] [DQN_train] [INFO] iteration:     1/  500 | mean reward: 19.04 | max reward: 46.00 | loss: 0.03583306
[2025-05-17 15:44:17,495] [DQN_train] [INFO] iteration:     2/  500 | mean reward: 22.74 | max reward: 56.00 | loss: 0.10265566
[2025-05-17 15:44:21,273] [DQN_train] [INFO] iteration:     3/  500 | mean reward: 23.22 | max reward: 79.00 | loss: 0.15903890
[2025-05-17 15:44:25,775] [DQN_train] [INFO] iteration:     4/  500 | mean reward: 27.44 | max reward: 79.00 | loss: 0.13465755
[2025-05-17 15:44:30,139] [DQN_train] [INFO] iteration:     5/  500 | mean reward: 24.48 | max reward: 73.00 | loss: 0.24662687
[2025-05-17 15:44:34,221] [DQN_train] [INFO] iteration:     6/  500 | mean reward: 24.66 | max reward: 66.00 | loss: 0.20140916
[2025-05-17 15:44:38,763] [DQN_train] [INFO] iteration:     7/  500 | mean reward: 27.24 | max reward: 73.00 | loss: 0.24217042
[2025-05-17 15:44:42,695] [DQN_train] [INFO] iteration:     8/  500 | mean reward: 23.02 | max reward: 62.00 | loss: 0.24019819
[2025-05-17 15:44:47,117] [DQN_train] [INFO] iteration:     9/  500 | mean reward: 22.52 | max reward: 66.00 | loss: 0.49586728
[2025-05-17 15:44:52,011] [DQN_train] [INFO] iteration:    10/  500 | mean reward: 27.02 | max reward: 65.00 | loss: 0.44814804
[2025-05-17 15:44:56,434] [DQN_train] [INFO] iteration:    11/  500 | mean reward: 26.46 | max reward: 68.00 | loss: 0.44097495
[2025-05-17 15:45:01,474] [DQN_train] [INFO] iteration:    12/  500 | mean reward: 30.44 | max reward: 110.00 | loss: 0.51458657
[2025-05-17 15:45:06,372] [DQN_train] [INFO] iteration:    13/  500 | mean reward: 29.06 | max reward: 103.00 | loss: 0.63121849
[2025-05-17 15:45:11,342] [DQN_train] [INFO] iteration:    14/  500 | mean reward: 27.90 | max reward: 58.00 | loss: 0.52465951
[2025-05-17 15:45:19,295] [DQN_train] [INFO] iteration:    15/  500 | mean reward: 33.04 | max reward: 103.00 | loss: 0.46660495
[2025-05-17 15:45:26,569] [DQN_train] [INFO] iteration:    16/  500 | mean reward: 31.40 | max reward: 140.00 | loss: 0.34038249
[2025-05-17 15:45:33,414] [DQN_train] [INFO] iteration:    17/  500 | mean reward: 32.12 | max reward: 103.00 | loss: 0.72940236
[2025-05-17 15:45:41,280] [DQN_train] [INFO] iteration:    18/  500 | mean reward: 34.54 | max reward: 101.00 | loss: 0.80508751
[2025-05-17 15:45:49,280] [DQN_train] [INFO] iteration:    19/  500 | mean reward: 32.90 | max reward: 117.00 | loss: 0.80816251
[2025-05-17 15:45:58,721] [DQN_train] [INFO] iteration:    20/  500 | mean reward: 34.36 | max reward: 214.00 | loss: 1.11451244
[2025-05-17 15:46:09,598] [DQN_train] [INFO] iteration:    21/  500 | mean reward: 44.56 | max reward: 151.00 | loss: 0.74771774
[2025-05-17 15:46:19,013] [DQN_train] [INFO] iteration:    22/  500 | mean reward: 40.18 | max reward: 129.00 | loss: 0.64459944
[2025-05-17 15:46:28,256] [DQN_train] [INFO] iteration:    23/  500 | mean reward: 40.14 | max reward: 143.00 | loss: 0.88099307
[2025-05-17 15:46:36,393] [DQN_train] [INFO] iteration:    24/  500 | mean reward: 36.66 | max reward: 103.00 | loss: 1.22111011
[2025-05-17 15:46:44,752] [DQN_train] [INFO] iteration:    25/  500 | mean reward: 37.34 | max reward: 101.00 | loss: 0.59252715
[2025-05-17 15:46:55,198] [DQN_train] [INFO] iteration:    26/  500 | mean reward: 41.48 | max reward: 186.00 | loss: 0.90466768
[2025-05-17 15:47:06,501] [DQN_train] [INFO] iteration:    27/  500 | mean reward: 47.98 | max reward: 134.00 | loss: 0.90072614
[2025-05-17 15:47:17,519] [DQN_train] [INFO] iteration:    28/  500 | mean reward: 46.00 | max reward: 156.00 | loss: 0.94382358
[2025-05-17 15:47:29,638] [DQN_train] [INFO] iteration:    29/  500 | mean reward: 51.40 | max reward: 275.00 | loss: 1.27131355
[2025-05-17 15:47:43,570] [DQN_train] [INFO] iteration:    30/  500 | mean reward: 58.38 | max reward: 161.00 | loss: 0.41597444
[2025-05-17 15:47:57,519] [DQN_train] [INFO] iteration:    31/  500 | mean reward: 59.14 | max reward: 198.00 | loss: 0.80686677
[2025-05-17 15:48:10,349] [DQN_train] [INFO] iteration:    32/  500 | mean reward: 56.32 | max reward: 186.00 | loss: 0.81818497
[2025-05-17 15:48:21,899] [DQN_train] [INFO] iteration:    33/  500 | mean reward: 51.42 | max reward: 229.00 | loss: 0.87339139
[2025-05-17 15:48:33,300] [DQN_train] [INFO] iteration:    34/  500 | mean reward: 50.24 | max reward: 152.00 | loss: 0.81006795
[2025-05-17 15:48:48,568] [DQN_train] [INFO] iteration:    35/  500 | mean reward: 64.60 | max reward: 197.00 | loss: 0.92635655
[2025-05-17 15:49:04,115] [DQN_train] [INFO] iteration:    36/  500 | mean reward: 66.16 | max reward: 176.00 | loss: 0.80183899
[2025-05-17 15:49:22,167] [DQN_train] [INFO] iteration:    37/  500 | mean reward: 77.16 | max reward: 217.00 | loss: 1.23955417
[2025-05-17 15:49:40,279] [DQN_train] [INFO] iteration:    38/  500 | mean reward: 77.76 | max reward: 199.00 | loss: 0.65481853
[2025-05-17 15:49:59,377] [DQN_train] [INFO] iteration:    39/  500 | mean reward: 81.62 | max reward: 262.00 | loss: 0.74614012
[2025-05-17 15:50:24,932] [DQN_train] [INFO] iteration:    40/  500 | mean reward: 108.44 | max reward: 354.00 | loss: 0.26093915
[2025-05-17 15:50:45,449] [DQN_train] [INFO] iteration:    41/  500 | mean reward: 87.72 | max reward: 320.00 | loss: 0.76349688
[2025-05-17 15:51:02,496] [DQN_train] [INFO] iteration:    42/  500 | mean reward: 89.62 | max reward: 231.00 | loss: 0.62970501
[2025-05-17 15:51:20,231] [DQN_train] [INFO] iteration:    43/  500 | mean reward: 100.14 | max reward: 321.00 | loss: 0.59128839
[2025-05-17 15:51:37,446] [DQN_train] [INFO] iteration:    44/  500 | mean reward: 97.98 | max reward: 254.00 | loss: 0.89303714
[2025-05-17 15:51:59,545] [DQN_train] [INFO] iteration:    45/  500 | mean reward: 124.10 | max reward: 359.00 | loss: 0.35958159
[2025-05-17 15:52:17,874] [DQN_train] [INFO] iteration:    46/  500 | mean reward: 105.14 | max reward: 341.00 | loss: 0.50206482
[2025-05-17 15:52:39,304] [DQN_train] [INFO] iteration:    47/  500 | mean reward: 122.76 | max reward: 432.00 | loss: 1.25291705
[2025-05-17 15:53:01,071] [DQN_train] [INFO] iteration:    48/  500 | mean reward: 124.96 | max reward: 387.00 | loss: 0.46731076
[2025-05-17 15:53:28,233] [DQN_train] [INFO] iteration:    49/  500 | mean reward: 153.46 | max reward: 450.00 | loss: 0.85816342
[2025-05-17 15:53:52,835] [DQN_train] [INFO] iteration:    50/  500 | mean reward: 138.66 | max reward: 338.00 | loss: 0.59292740
[2025-05-17 15:54:24,533] [DQN_train] [INFO] iteration:    51/  500 | mean reward: 178.64 | max reward: 432.00 | loss: 0.79049259
[2025-05-17 15:54:59,913] [DQN_train] [INFO] iteration:    52/  500 | mean reward: 199.36 | max reward: 500.00 | loss: 0.43698397
[2025-05-17 15:55:28,237] [DQN_train] [INFO] iteration:    53/  500 | mean reward: 162.42 | max reward: 500.00 | loss: 0.34008110
[2025-05-17 15:56:00,449] [DQN_train] [INFO] iteration:    54/  500 | mean reward: 184.20 | max reward: 500.00 | loss: 0.33273298
[2025-05-17 15:56:32,091] [DQN_train] [INFO] iteration:    55/  500 | mean reward: 178.78 | max reward: 500.00 | loss: 0.90439188
[2025-05-17 15:57:03,753] [DQN_train] [INFO] iteration:    56/  500 | mean reward: 177.46 | max reward: 500.00 | loss: 0.30212232
[2025-05-17 15:57:39,651] [DQN_train] [INFO] iteration:    57/  500 | mean reward: 201.60 | max reward: 500.00 | loss: 0.28803009
[2025-05-17 15:58:24,578] [DQN_train] [INFO] iteration:    58/  500 | mean reward: 253.90 | max reward: 500.00 | loss: 0.37683469
[2025-05-17 15:59:09,632] [DQN_train] [INFO] iteration:    59/  500 | mean reward: 256.24 | max reward: 500.00 | loss: 1.05751753
[2025-05-17 15:59:56,625] [DQN_train] [INFO] iteration:    60/  500 | mean reward: 263.70 | max reward: 500.00 | loss: 0.21639504
[2025-05-17 16:00:50,386] [DQN_train] [INFO] iteration:    61/  500 | mean reward: 300.22 | max reward: 500.00 | loss: 0.25075269
[2025-05-17 16:01:41,202] [DQN_train] [INFO] iteration:    62/  500 | mean reward: 288.20 | max reward: 500.00 | loss: 0.24749534
[2025-05-17 16:02:35,454] [DQN_train] [INFO] iteration:    63/  500 | mean reward: 305.88 | max reward: 500.00 | loss: 0.23081428
[2025-05-17 16:03:35,461] [DQN_train] [INFO] iteration:    64/  500 | mean reward: 333.48 | max reward: 500.00 | loss: 0.53400779
[2025-05-17 16:04:38,699] [DQN_train] [INFO] iteration:    65/  500 | mean reward: 357.34 | max reward: 500.00 | loss: 0.02807262
[2025-05-17 16:05:43,698] [DQN_train] [INFO] iteration:    66/  500 | mean reward: 350.18 | max reward: 500.00 | loss: 0.28750387
[2025-05-17 16:07:04,742] [DQN_train] [INFO] iteration:    67/  500 | mean reward: 352.02 | max reward: 500.00 | loss: 0.53485066
[2025-05-17 16:08:39,262] [DQN_train] [INFO] iteration:    68/  500 | mean reward: 403.52 | max reward: 500.00 | loss: 0.53812695
[2025-05-17 16:10:12,256] [DQN_train] [INFO] iteration:    69/  500 | mean reward: 394.86 | max reward: 500.00 | loss: 0.71593398
[2025-05-17 16:11:47,724] [DQN_train] [INFO] iteration:    70/  500 | mean reward: 406.86 | max reward: 500.00 | loss: 0.59241265
[2025-05-17 16:13:30,322] [DQN_train] [INFO] iteration:    71/  500 | mean reward: 439.06 | max reward: 500.00 | loss: 0.17436838
[2025-05-17 16:15:14,959] [DQN_train] [INFO] iteration:    72/  500 | mean reward: 444.26 | max reward: 500.00 | loss: 0.52617443
[2025-05-17 16:16:56,941] [DQN_train] [INFO] iteration:    73/  500 | mean reward: 433.46 | max reward: 500.00 | loss: 0.02776149
[2025-05-17 16:18:41,029] [DQN_train] [INFO] iteration:    74/  500 | mean reward: 442.14 | max reward: 500.00 | loss: 0.25985321
[2025-05-17 16:20:32,663] [DQN_train] [INFO] iteration:    75/  500 | mean reward: 474.78 | max reward: 500.00 | loss: 0.84987956
[2025-05-17 16:22:14,094] [DQN_train] [INFO] iteration:    76/  500 | mean reward: 434.58 | max reward: 500.00 | loss: 0.00174997
[2025-05-17 16:23:55,338] [DQN_train] [INFO] iteration:    77/  500 | mean reward: 440.66 | max reward: 500.00 | loss: 0.19269897
[2025-05-17 16:25:47,699] [DQN_train] [INFO] iteration:    78/  500 | mean reward: 484.64 | max reward: 500.00 | loss: 0.28824085
[2025-05-17 16:27:39,823] [DQN_train] [INFO] iteration:    79/  500 | mean reward: 483.22 | max reward: 500.00 | loss: 0.91565681
[2025-05-17 16:29:33,446] [DQN_train] [INFO] iteration:    80/  500 | mean reward: 488.02 | max reward: 500.00 | loss: 0.31527814
[2025-05-17 16:31:22,043] [DQN_train] [INFO] iteration:    81/  500 | mean reward: 467.12 | max reward: 500.00 | loss: 0.63447934
[2025-05-17 16:33:15,058] [DQN_train] [INFO] iteration:    82/  500 | mean reward: 488.16 | max reward: 500.00 | loss: 0.63981354
[2025-05-17 16:35:09,599] [DQN_train] [INFO] iteration:    83/  500 | mean reward: 493.02 | max reward: 500.00 | loss: 0.00086010
[2025-05-17 16:37:03,816] [DQN_train] [INFO] iteration:    84/  500 | mean reward: 491.30 | max reward: 500.00 | loss: 0.27183384
[2025-05-17 16:38:59,128] [DQN_train] [INFO] iteration:    85/  500 | mean reward: 496.40 | max reward: 500.00 | loss: 0.64969891
[2025-05-17 16:40:55,206] [DQN_train] [INFO] iteration:    86/  500 | mean reward: 500.00 | max reward: 500.00 | loss: 0.00038054
[2025-05-17 16:42:51,175] [DQN_train] [INFO] iteration:    87/  500 | mean reward: 500.00 | max reward: 500.00 | loss: 0.31650990
[2025-05-17 16:44:47,532] [DQN_train] [INFO] iteration:    88/  500 | mean reward: 500.00 | max reward: 500.00 | loss: 0.00025072
[2025-05-17 16:46:43,720] [DQN_train] [INFO] iteration:    89/  500 | mean reward: 500.00 | max reward: 500.00 | loss: 1.34600174
[2025-05-17 16:48:40,398] [DQN_train] [INFO] iteration:    90/  500 | mean reward: 500.00 | max reward: 500.00 | loss: 0.33037305
[2025-05-17 16:50:36,173] [DQN_train] [INFO] iteration:    91/  500 | mean reward: 495.58 | max reward: 500.00 | loss: 0.00013602
[2025-05-17 16:52:33,128] [DQN_train] [INFO] iteration:    92/  500 | mean reward: 500.00 | max reward: 500.00 | loss: 0.68829060
[2025-05-17 16:54:30,276] [DQN_train] [INFO] iteration:    93/  500 | mean reward: 500.00 | max reward: 500.00 | loss: 0.34504750
[2025-05-17 16:56:27,192] [DQN_train] [INFO] iteration:    94/  500 | mean reward: 500.00 | max reward: 500.00 | loss: 0.34902319
[2025-05-17 16:58:23,918] [DQN_train] [INFO] iteration:    95/  500 | mean reward: 500.00 | max reward: 500.00 | loss: 0.35130531
[2025-05-17 17:00:20,805] [DQN_train] [INFO] iteration:    96/  500 | mean reward: 500.00 | max reward: 500.00 | loss: 1.76569831
[2025-05-17 17:02:18,114] [DQN_train] [INFO] iteration:    97/  500 | mean reward: 500.00 | max reward: 500.00 | loss: 0.00011336
[2025-05-17 17:04:15,242] [DQN_train] [INFO] iteration:    98/  500 | mean reward: 500.00 | max reward: 500.00 | loss: 0.35589883
[2025-05-17 17:06:12,395] [DQN_train] [INFO] iteration:    99/  500 | mean reward: 500.00 | max reward: 500.00 | loss: 0.00006680
[2025-05-17 17:08:09,667] [DQN_train] [INFO] iteration:   100/  500 | mean reward: 500.00 | max reward: 500.00 | loss: 0.00007249
[2025-05-17 17:08:09,667] [DQN_agent] [INFO] Saving model to DQN_model_100.pth
[2025-05-17 17:10:06,827] [DQN_train] [INFO] iteration:   101/  500 | mean reward: 500.00 | max reward: 500.00 | loss: 0.00037270
[2025-05-17 17:12:04,278] [DQN_train] [INFO] iteration:   102/  500 | mean reward: 500.00 | max reward: 500.00 | loss: 0.00005729
[2025-05-17 17:14:01,685] [DQN_train] [INFO] iteration:   103/  500 | mean reward: 500.00 | max reward: 500.00 | loss: 0.00015120
[2025-05-17 17:15:59,014] [DQN_train] [INFO] iteration:   104/  500 | mean reward: 500.00 | max reward: 500.00 | loss: 0.37068644
[2025-05-17 17:17:56,286] [DQN_train] [INFO] iteration:   105/  500 | mean reward: 500.00 | max reward: 500.00 | loss: 0.00005878
[2025-05-17 17:19:53,796] [DQN_train] [INFO] iteration:   106/  500 | mean reward: 500.00 | max reward: 500.00 | loss: 0.00009758
[2025-05-17 17:21:51,329] [DQN_train] [INFO] iteration:   107/  500 | mean reward: 500.00 | max reward: 500.00 | loss: 0.00018477
[2025-05-17 17:23:44,213] [DQN_train] [INFO] iteration:   108/  500 | mean reward: 480.40 | max reward: 500.00 | loss: 0.00013227
[2025-05-17 17:25:39,061] [DQN_train] [INFO] iteration:   109/  500 | mean reward: 490.26 | max reward: 500.00 | loss: 0.38707823
[2025-05-17 17:27:35,812] [DQN_train] [INFO] iteration:   110/  500 | mean reward: 500.00 | max reward: 500.00 | loss: 0.40088791
[2025-05-17 17:29:32,925] [DQN_train] [INFO] iteration:   111/  500 | mean reward: 500.00 | max reward: 500.00 | loss: 0.37422767
[2025-05-17 17:31:29,363] [DQN_train] [INFO] iteration:   112/  500 | mean reward: 500.00 | max reward: 500.00 | loss: 0.01360669
[2025-05-17 17:33:25,135] [DQN_train] [INFO] iteration:   113/  500 | mean reward: 493.82 | max reward: 500.00 | loss: 0.01479033
[2025-05-17 17:35:22,395] [DQN_train] [INFO] iteration:   114/  500 | mean reward: 500.00 | max reward: 500.00 | loss: 0.39214715
[2025-05-17 17:37:19,591] [DQN_train] [INFO] iteration:   115/  500 | mean reward: 500.00 | max reward: 500.00 | loss: 0.00347768
[2025-05-17 17:39:12,211] [DQN_train] [INFO] iteration:   116/  500 | mean reward: 481.34 | max reward: 500.00 | loss: 0.40533063
[2025-05-17 17:41:09,394] [DQN_train] [INFO] iteration:   117/  500 | mean reward: 500.00 | max reward: 500.00 | loss: 0.03433121
[2025-05-17 17:43:06,696] [DQN_train] [INFO] iteration:   118/  500 | mean reward: 500.00 | max reward: 500.00 | loss: 0.40773389
[2025-05-17 17:45:03,869] [DQN_train] [INFO] iteration:   119/  500 | mean reward: 500.00 | max reward: 500.00 | loss: 0.40852201
[2025-05-17 17:47:01,658] [DQN_train] [INFO] iteration:   120/  500 | mean reward: 500.00 | max reward: 500.00 | loss: 0.40403426
[2025-05-17 17:48:59,159] [DQN_train] [INFO] iteration:   121/  500 | mean reward: 500.00 | max reward: 500.00 | loss: 0.40355691
[2025-05-17 17:50:56,669] [DQN_train] [INFO] iteration:   122/  500 | mean reward: 500.00 | max reward: 500.00 | loss: 1.60376024
[2025-05-17 17:52:53,895] [DQN_train] [INFO] iteration:   123/  500 | mean reward: 500.00 | max reward: 500.00 | loss: 0.81316870
[2025-05-17 17:54:51,373] [DQN_train] [INFO] iteration:   124/  500 | mean reward: 500.00 | max reward: 500.00 | loss: 0.00069536
[2025-05-17 17:56:48,814] [DQN_train] [INFO] iteration:   125/  500 | mean reward: 500.00 | max reward: 500.00 | loss: 0.41130376
[2025-05-17 17:58:45,664] [DQN_train] [INFO] iteration:   126/  500 | mean reward: 500.00 | max reward: 500.00 | loss: 0.41361919
[2025-05-17 18:00:43,049] [DQN_train] [INFO] iteration:   127/  500 | mean reward: 500.00 | max reward: 500.00 | loss: 0.00034458
[2025-05-17 18:02:40,470] [DQN_train] [INFO] iteration:   128/  500 | mean reward: 500.00 | max reward: 500.00 | loss: 0.41567835
[2025-05-17 18:04:34,978] [DQN_train] [INFO] iteration:   129/  500 | mean reward: 486.28 | max reward: 500.00 | loss: 0.00143127
[2025-05-17 18:06:30,735] [DQN_train] [INFO] iteration:   130/  500 | mean reward: 491.80 | max reward: 500.00 | loss: 0.42258665
[2025-05-17 18:08:25,303] [DQN_train] [INFO] iteration:   131/  500 | mean reward: 487.30 | max reward: 500.00 | loss: 0.42877308
[2025-05-17 18:10:09,936] [DQN_train] [INFO] iteration:   132/  500 | mean reward: 444.30 | max reward: 500.00 | loss: 0.45173550
[2025-05-17 18:12:02,763] [DQN_train] [INFO] iteration:   133/  500 | mean reward: 479.36 | max reward: 500.00 | loss: 0.99451637
[2025-05-17 18:13:57,199] [DQN_train] [INFO] iteration:   134/  500 | mean reward: 485.64 | max reward: 500.00 | loss: 0.85241950
[2025-05-17 18:15:52,817] [DQN_train] [INFO] iteration:   135/  500 | mean reward: 490.68 | max reward: 500.00 | loss: 0.85684866
[2025-05-17 18:17:37,900] [DQN_train] [INFO] iteration:   136/  500 | mean reward: 445.52 | max reward: 500.00 | loss: 0.46521321
[2025-05-17 18:19:35,862] [DQN_train] [INFO] iteration:   137/  500 | mean reward: 499.98 | max reward: 500.00 | loss: 0.01980411
[2025-05-17 18:21:31,832] [DQN_train] [INFO] iteration:   138/  500 | mean reward: 491.60 | max reward: 500.00 | loss: 1.18743968
[2025-05-17 18:23:29,848] [DQN_train] [INFO] iteration:   139/  500 | mean reward: 500.00 | max reward: 500.00 | loss: 1.66325128
[2025-05-17 18:25:27,918] [DQN_train] [INFO] iteration:   140/  500 | mean reward: 500.00 | max reward: 500.00 | loss: 0.00900085
[2025-05-17 18:27:24,531] [DQN_train] [INFO] iteration:   141/  500 | mean reward: 493.96 | max reward: 500.00 | loss: 0.00482788
[2025-05-17 18:28:54,411] [DQN_train] [INFO] iteration:   142/  500 | mean reward: 380.00 | max reward: 500.00 | loss: 0.42116794
[2025-05-17 18:30:51,896] [DQN_train] [INFO] iteration:   143/  500 | mean reward: 497.38 | max reward: 500.00 | loss: 0.00568536
[2025-05-17 18:32:50,061] [DQN_train] [INFO] iteration:   144/  500 | mean reward: 500.00 | max reward: 500.00 | loss: 0.00326864
[2025-05-17 18:34:48,490] [DQN_train] [INFO] iteration:   145/  500 | mean reward: 500.00 | max reward: 500.00 | loss: 0.01316415
[2025-05-17 18:36:46,611] [DQN_train] [INFO] iteration:   146/  500 | mean reward: 500.00 | max reward: 500.00 | loss: 0.45624501
[2025-05-17 18:38:44,777] [DQN_train] [INFO] iteration:   147/  500 | mean reward: 500.00 | max reward: 500.00 | loss: 0.00070196
[2025-05-17 18:40:42,917] [DQN_train] [INFO] iteration:   148/  500 | mean reward: 500.00 | max reward: 500.00 | loss: 0.00128767
[2025-05-17 18:42:41,064] [DQN_train] [INFO] iteration:   149/  500 | mean reward: 500.00 | max reward: 500.00 | loss: 0.00064710
[2025-05-17 18:44:39,299] [DQN_train] [INFO] iteration:   150/  500 | mean reward: 500.00 | max reward: 500.00 | loss: 0.46055678
[2025-05-17 18:46:37,772] [DQN_train] [INFO] iteration:   151/  500 | mean reward: 500.00 | max reward: 500.00 | loss: 0.00054265
[2025-05-17 18:48:35,977] [DQN_train] [INFO] iteration:   152/  500 | mean reward: 495.98 | max reward: 500.00 | loss: 0.00083201
[2025-05-17 18:50:33,924] [DQN_train] [INFO] iteration:   153/  500 | mean reward: 500.00 | max reward: 500.00 | loss: 0.90806258
[2025-05-17 18:52:31,673] [DQN_train] [INFO] iteration:   154/  500 | mean reward: 496.14 | max reward: 500.00 | loss: 0.91386116
[2025-05-17 18:54:29,897] [DQN_train] [INFO] iteration:   155/  500 | mean reward: 500.00 | max reward: 500.00 | loss: 0.00767439
[2025-05-17 18:56:28,698] [DQN_train] [INFO] iteration:   156/  500 | mean reward: 500.00 | max reward: 500.00 | loss: 0.47605151
[2025-05-17 18:58:26,925] [DQN_train] [INFO] iteration:   157/  500 | mean reward: 500.00 | max reward: 500.00 | loss: 0.92263621
[2025-05-17 19:00:10,069] [DQN_train] [INFO] iteration:   158/  500 | mean reward: 500.00 | max reward: 500.00 | loss: 0.91631848
[2025-05-17 19:01:42,468] [DQN_train] [INFO] iteration:   159/  500 | mean reward: 500.00 | max reward: 500.00 | loss: 0.46508312
[2025-05-17 19:03:12,918] [DQN_train] [INFO] iteration:   160/  500 | mean reward: 500.00 | max reward: 500.00 | loss: 0.00108304
[2025-05-17 19:04:42,524] [DQN_train] [INFO] iteration:   161/  500 | mean reward: 497.00 | max reward: 500.00 | loss: 0.93914950
[2025-05-17 19:06:12,947] [DQN_train] [INFO] iteration:   162/  500 | mean reward: 500.00 | max reward: 500.00 | loss: 0.00048962
[2025-05-17 19:07:42,756] [DQN_train] [INFO] iteration:   163/  500 | mean reward: 498.28 | max reward: 500.00 | loss: 0.00039703
[2025-05-17 19:09:08,691] [DQN_train] [INFO] iteration:   164/  500 | mean reward: 476.44 | max reward: 500.00 | loss: 0.47663730
[2025-05-17 19:10:38,784] [DQN_train] [INFO] iteration:   165/  500 | mean reward: 500.00 | max reward: 500.00 | loss: 0.00181029
[2025-05-17 19:12:09,226] [DQN_train] [INFO] iteration:   166/  500 | mean reward: 500.00 | max reward: 500.00 | loss: 1.43146276
[2025-05-17 19:13:39,223] [DQN_train] [INFO] iteration:   167/  500 | mean reward: 500.00 | max reward: 500.00 | loss: 0.95325083
[2025-05-17 19:15:08,957] [DQN_train] [INFO] iteration:   168/  500 | mean reward: 500.00 | max reward: 500.00 | loss: 0.00323573
[2025-05-17 19:16:37,733] [DQN_train] [INFO] iteration:   169/  500 | mean reward: 500.00 | max reward: 500.00 | loss: 0.00341054
[2025-05-17 19:18:02,630] [DQN_train] [INFO] iteration:   170/  500 | mean reward: 476.96 | max reward: 500.00 | loss: 0.02178806
[2025-05-17 19:19:14,292] [DQN_train] [INFO] iteration:   171/  500 | mean reward: 401.88 | max reward: 500.00 | loss: 0.03975833
[2025-05-17 19:20:41,471] [DQN_train] [INFO] iteration:   172/  500 | mean reward: 491.74 | max reward: 500.00 | loss: 0.49798056
[2025-05-17 19:22:10,606] [DQN_train] [INFO] iteration:   173/  500 | mean reward: 500.00 | max reward: 500.00 | loss: 0.01314389
[2025-05-17 19:23:39,214] [DQN_train] [INFO] iteration:   174/  500 | mean reward: 500.00 | max reward: 500.00 | loss: 0.01135716
[2025-05-17 19:25:08,557] [DQN_train] [INFO] iteration:   175/  500 | mean reward: 500.00 | max reward: 500.00 | loss: 0.00146477
[2025-05-17 19:26:36,822] [DQN_train] [INFO] iteration:   176/  500 | mean reward: 500.00 | max reward: 500.00 | loss: 0.48534024
[2025-05-17 19:28:07,048] [DQN_train] [INFO] iteration:   177/  500 | mean reward: 497.72 | max reward: 500.00 | loss: 0.00029892
[2025-05-17 19:29:36,869] [DQN_train] [INFO] iteration:   178/  500 | mean reward: 500.00 | max reward: 500.00 | loss: 0.00041537
[2025-05-17 19:31:07,872] [DQN_train] [INFO] iteration:   179/  500 | mean reward: 500.00 | max reward: 500.00 | loss: 0.98339969
[2025-05-17 19:32:41,674] [DQN_train] [INFO] iteration:   180/  500 | mean reward: 500.00 | max reward: 500.00 | loss: 0.00047976
[2025-05-17 19:34:12,131] [DQN_train] [INFO] iteration:   181/  500 | mean reward: 500.00 | max reward: 500.00 | loss: 1.47926867
[2025-05-17 19:35:42,183] [DQN_train] [INFO] iteration:   182/  500 | mean reward: 500.00 | max reward: 500.00 | loss: 0.00044579
[2025-05-17 19:37:12,910] [DQN_train] [INFO] iteration:   183/  500 | mean reward: 500.00 | max reward: 500.00 | loss: 0.49387109
[2025-05-17 19:38:42,734] [DQN_train] [INFO] iteration:   184/  500 | mean reward: 500.00 | max reward: 500.00 | loss: 0.00029367
[2025-05-17 19:40:13,435] [DQN_train] [INFO] iteration:   185/  500 | mean reward: 500.00 | max reward: 500.00 | loss: 0.49505255
[2025-05-17 19:41:43,419] [DQN_train] [INFO] iteration:   186/  500 | mean reward: 500.00 | max reward: 500.00 | loss: 0.00018469
[2025-05-17 19:43:13,717] [DQN_train] [INFO] iteration:   187/  500 | mean reward: 497.88 | max reward: 500.00 | loss: 0.00019939
[2025-05-17 19:44:43,615] [DQN_train] [INFO] iteration:   188/  500 | mean reward: 500.00 | max reward: 500.00 | loss: 0.49826708
[2025-05-17 19:46:13,876] [DQN_train] [INFO] iteration:   189/  500 | mean reward: 497.54 | max reward: 500.00 | loss: 0.00052671
[2025-05-17 19:47:44,211] [DQN_train] [INFO] iteration:   190/  500 | mean reward: 499.86 | max reward: 500.00 | loss: 0.00134758
[2025-05-17 19:49:14,157] [DQN_train] [INFO] iteration:   191/  500 | mean reward: 499.60 | max reward: 500.00 | loss: 1.50298750
[2025-05-17 19:50:43,161] [DQN_train] [INFO] iteration:   192/  500 | mean reward: 500.00 | max reward: 500.00 | loss: 0.50318080
[2025-05-17 19:52:09,957] [DQN_train] [INFO] iteration:   193/  500 | mean reward: 485.08 | max reward: 500.00 | loss: 0.50648206
[2025-05-17 19:53:38,223] [DQN_train] [INFO] iteration:   194/  500 | mean reward: 500.00 | max reward: 500.00 | loss: 0.00431257
[2025-05-17 19:55:07,804] [DQN_train] [INFO] iteration:   195/  500 | mean reward: 500.00 | max reward: 500.00 | loss: 0.50826913
[2025-05-17 19:56:36,198] [DQN_train] [INFO] iteration:   196/  500 | mean reward: 500.00 | max reward: 500.00 | loss: 1.00530267
[2025-05-17 19:58:05,621] [DQN_train] [INFO] iteration:   197/  500 | mean reward: 500.00 | max reward: 500.00 | loss: 0.50043440
[2025-05-17 19:59:34,277] [DQN_train] [INFO] iteration:   198/  500 | mean reward: 500.00 | max reward: 500.00 | loss: 1.50038886
[2025-05-17 20:01:03,751] [DQN_train] [INFO] iteration:   199/  500 | mean reward: 500.00 | max reward: 500.00 | loss: 0.00058708
[2025-05-17 20:02:31,332] [DQN_train] [INFO] iteration:   200/  500 | mean reward: 495.28 | max reward: 500.00 | loss: 1.03179479
[2025-05-17 20:02:31,332] [DQN_agent] [INFO] Saving model to DQN_model_200.pth
[2025-05-17 20:04:00,924] [DQN_train] [INFO] iteration:   201/  500 | mean reward: 500.00 | max reward: 500.00 | loss: 0.52566677
[2025-05-17 20:05:29,319] [DQN_train] [INFO] iteration:   202/  500 | mean reward: 500.00 | max reward: 500.00 | loss: 0.01066267
[2025-05-17 20:06:58,872] [DQN_train] [INFO] iteration:   203/  500 | mean reward: 500.00 | max reward: 500.00 | loss: 1.02454770
[2025-05-17 20:08:27,281] [DQN_train] [INFO] iteration:   204/  500 | mean reward: 500.00 | max reward: 500.00 | loss: 0.00104101
[2025-05-17 20:09:56,741] [DQN_train] [INFO] iteration:   205/  500 | mean reward: 500.00 | max reward: 500.00 | loss: 0.51369995
[2025-05-17 20:11:24,437] [DQN_train] [INFO] iteration:   206/  500 | mean reward: 496.38 | max reward: 500.00 | loss: 0.00059347
[2025-05-17 20:12:53,914] [DQN_train] [INFO] iteration:   207/  500 | mean reward: 500.00 | max reward: 500.00 | loss: 0.00090132
[2025-05-17 20:14:22,249] [DQN_train] [INFO] iteration:   208/  500 | mean reward: 500.00 | max reward: 500.00 | loss: 1.02647841
[2025-05-17 20:15:51,893] [DQN_train] [INFO] iteration:   209/  500 | mean reward: 500.00 | max reward: 500.00 | loss: 1.03073907
[2025-05-17 20:17:20,342] [DQN_train] [INFO] iteration:   210/  500 | mean reward: 500.00 | max reward: 500.00 | loss: 0.04325193
[2025-05-17 20:18:49,292] [DQN_train] [INFO] iteration:   211/  500 | mean reward: 495.78 | max reward: 500.00 | loss: 0.51576984
[2025-05-17 20:20:17,720] [DQN_train] [INFO] iteration:   212/  500 | mean reward: 500.00 | max reward: 500.00 | loss: 1.59358037
[2025-05-17 20:21:46,977] [DQN_train] [INFO] iteration:   213/  500 | mean reward: 500.00 | max reward: 500.00 | loss: 1.05822134
[2025-05-17 20:23:13,207] [DQN_train] [INFO] iteration:   214/  500 | mean reward: 488.12 | max reward: 500.00 | loss: 0.00559054
[2025-05-17 20:24:42,696] [DQN_train] [INFO] iteration:   215/  500 | mean reward: 500.00 | max reward: 500.00 | loss: 0.00490991
[2025-05-17 20:26:10,822] [DQN_train] [INFO] iteration:   216/  500 | mean reward: 497.70 | max reward: 500.00 | loss: 1.03836715
[2025-05-17 20:27:40,281] [DQN_train] [INFO] iteration:   217/  500 | mean reward: 500.00 | max reward: 500.00 | loss: 0.52659541
[2025-05-17 20:29:08,724] [DQN_train] [INFO] iteration:   218/  500 | mean reward: 500.00 | max reward: 500.00 | loss: 1.03679454
[2025-05-17 20:30:38,117] [DQN_train] [INFO] iteration:   219/  500 | mean reward: 500.00 | max reward: 500.00 | loss: 0.00099750
[2025-05-17 20:32:06,642] [DQN_train] [INFO] iteration:   220/  500 | mean reward: 500.00 | max reward: 500.00 | loss: 0.52186859
[2025-05-17 20:33:36,111] [DQN_train] [INFO] iteration:   221/  500 | mean reward: 500.00 | max reward: 500.00 | loss: 0.00074354
[2025-05-17 20:35:04,603] [DQN_train] [INFO] iteration:   222/  500 | mean reward: 500.00 | max reward: 500.00 | loss: 1.04182243
[2025-05-17 20:36:34,289] [DQN_train] [INFO] iteration:   223/  500 | mean reward: 500.00 | max reward: 500.00 | loss: 0.00374538
[2025-05-17 20:38:02,815] [DQN_train] [INFO] iteration:   224/  500 | mean reward: 500.00 | max reward: 500.00 | loss: 0.52319801
[2025-05-17 20:39:32,102] [DQN_train] [INFO] iteration:   225/  500 | mean reward: 500.00 | max reward: 500.00 | loss: 0.52330929
[2025-05-17 20:41:00,526] [DQN_train] [INFO] iteration:   226/  500 | mean reward: 500.00 | max reward: 500.00 | loss: 0.52478153
[2025-05-17 20:42:30,193] [DQN_train] [INFO] iteration:   227/  500 | mean reward: 500.00 | max reward: 500.00 | loss: 0.52552223
[2025-05-17 20:43:58,668] [DQN_train] [INFO] iteration:   228/  500 | mean reward: 500.00 | max reward: 500.00 | loss: 1.04706311
[2025-05-17 20:45:28,231] [DQN_train] [INFO] iteration:   229/  500 | mean reward: 500.00 | max reward: 500.00 | loss: 0.52658319
[2025-05-17 20:46:57,020] [DQN_train] [INFO] iteration:   230/  500 | mean reward: 500.00 | max reward: 500.00 | loss: 0.52507734
[2025-05-17 20:48:26,349] [DQN_train] [INFO] iteration:   231/  500 | mean reward: 500.00 | max reward: 500.00 | loss: 0.52737242
[2025-05-17 20:49:54,755] [DQN_train] [INFO] iteration:   232/  500 | mean reward: 500.00 | max reward: 500.00 | loss: 0.00030716
[2025-05-17 20:51:24,495] [DQN_train] [INFO] iteration:   233/  500 | mean reward: 500.00 | max reward: 500.00 | loss: 0.52730393
[2025-05-17 20:52:52,535] [DQN_train] [INFO] iteration:   234/  500 | mean reward: 494.88 | max reward: 500.00 | loss: 0.52730781
[2025-05-17 20:54:22,161] [DQN_train] [INFO] iteration:   235/  500 | mean reward: 500.00 | max reward: 500.00 | loss: 0.00013472
[2025-05-17 20:55:50,930] [DQN_train] [INFO] iteration:   236/  500 | mean reward: 500.00 | max reward: 500.00 | loss: 0.00018735
[2025-05-17 20:57:19,841] [DQN_train] [INFO] iteration:   237/  500 | mean reward: 498.44 | max reward: 500.00 | loss: 0.00246664
[2025-05-17 20:58:48,355] [DQN_train] [INFO] iteration:   238/  500 | mean reward: 500.00 | max reward: 500.00 | loss: 0.00083894
[2025-05-17 21:00:17,709] [DQN_train] [INFO] iteration:   239/  500 | mean reward: 500.00 | max reward: 500.00 | loss: 1.59336042
[2025-05-17 21:01:46,566] [DQN_train] [INFO] iteration:   240/  500 | mean reward: 500.00 | max reward: 500.00 | loss: 0.00035833
[2025-05-17 21:03:16,028] [DQN_train] [INFO] iteration:   241/  500 | mean reward: 500.00 | max reward: 500.00 | loss: 0.00078804
[2025-05-17 21:04:44,983] [DQN_train] [INFO] iteration:   242/  500 | mean reward: 500.00 | max reward: 500.00 | loss: 2.12109518
[2025-05-17 21:06:14,044] [DQN_train] [INFO] iteration:   243/  500 | mean reward: 500.00 | max reward: 500.00 | loss: 1.06241977
[2025-05-17 21:07:42,816] [DQN_train] [INFO] iteration:   244/  500 | mean reward: 500.00 | max reward: 500.00 | loss: 0.00022834
[2025-05-17 21:09:12,342] [DQN_train] [INFO] iteration:   245/  500 | mean reward: 500.00 | max reward: 500.00 | loss: 0.00011128
[2025-05-17 21:10:41,364] [DQN_train] [INFO] iteration:   246/  500 | mean reward: 500.00 | max reward: 500.00 | loss: 0.53144330
[2025-05-17 21:12:10,773] [DQN_train] [INFO] iteration:   247/  500 | mean reward: 500.00 | max reward: 500.00 | loss: 1.06837440
[2025-05-17 21:13:38,292] [DQN_train] [INFO] iteration:   248/  500 | mean reward: 491.60 | max reward: 500.00 | loss: 1.06658232
[2025-05-17 21:15:07,457] [DQN_train] [INFO] iteration:   249/  500 | mean reward: 500.00 | max reward: 500.00 | loss: 0.00470703
[2025-05-17 21:16:36,425] [DQN_train] [INFO] iteration:   250/  500 | mean reward: 500.00 | max reward: 500.00 | loss: 0.00084453
[2025-05-17 21:18:05,750] [DQN_train] [INFO] iteration:   251/  500 | mean reward: 500.00 | max reward: 500.00 | loss: 0.53574967
[2025-05-17 21:19:34,056] [DQN_train] [INFO] iteration:   252/  500 | mean reward: 495.94 | max reward: 500.00 | loss: 0.00056206
[2025-05-17 21:21:03,543] [DQN_train] [INFO] iteration:   253/  500 | mean reward: 500.00 | max reward: 500.00 | loss: 0.53663063
[2025-05-17 21:22:32,728] [DQN_train] [INFO] iteration:   254/  500 | mean reward: 500.00 | max reward: 500.00 | loss: 0.53786975
[2025-05-17 21:24:01,514] [DQN_train] [INFO] iteration:   255/  500 | mean reward: 500.00 | max reward: 500.00 | loss: 0.00014010
[2025-05-17 21:25:30,575] [DQN_train] [INFO] iteration:   256/  500 | mean reward: 500.00 | max reward: 500.00 | loss: 0.00008616
[2025-05-17 21:26:59,485] [DQN_train] [INFO] iteration:   257/  500 | mean reward: 500.00 | max reward: 500.00 | loss: 0.00011493
[2025-05-17 21:28:28,627] [DQN_train] [INFO] iteration:   258/  500 | mean reward: 500.00 | max reward: 500.00 | loss: 1.61259484
[2025-05-17 21:29:57,889] [DQN_train] [INFO] iteration:   259/  500 | mean reward: 500.00 | max reward: 500.00 | loss: 0.53923440
[2025-05-17 21:31:26,917] [DQN_train] [INFO] iteration:   260/  500 | mean reward: 500.00 | max reward: 500.00 | loss: 1.07706785
[2025-05-17 21:32:54,103] [DQN_train] [INFO] iteration:   261/  500 | mean reward: 492.44 | max reward: 500.00 | loss: 1.61718535
[2025-05-17 21:34:22,874] [DQN_train] [INFO] iteration:   262/  500 | mean reward: 497.40 | max reward: 500.00 | loss: 0.53891319
[2025-05-17 21:35:51,827] [DQN_train] [INFO] iteration:   263/  500 | mean reward: 500.00 | max reward: 500.00 | loss: 0.00047797
[2025-05-17 21:37:21,072] [DQN_train] [INFO] iteration:   264/  500 | mean reward: 500.00 | max reward: 500.00 | loss: 0.00072636
[2025-05-17 21:38:50,106] [DQN_train] [INFO] iteration:   265/  500 | mean reward: 500.00 | max reward: 500.00 | loss: 0.00018640
[2025-05-17 21:40:19,464] [DQN_train] [INFO] iteration:   266/  500 | mean reward: 500.00 | max reward: 500.00 | loss: 0.54073739
[2025-05-17 21:41:48,187] [DQN_train] [INFO] iteration:   267/  500 | mean reward: 500.00 | max reward: 500.00 | loss: 0.00011280
[2025-05-17 21:43:17,414] [DQN_train] [INFO] iteration:   268/  500 | mean reward: 500.00 | max reward: 500.00 | loss: 0.00007030
[2025-05-17 21:44:46,433] [DQN_train] [INFO] iteration:   269/  500 | mean reward: 500.00 | max reward: 500.00 | loss: 0.00017743
[2025-05-17 21:46:16,302] [DQN_train] [INFO] iteration:   270/  500 | mean reward: 500.00 | max reward: 500.00 | loss: 0.54168385
[2025-05-17 21:48:06,941] [DQN_train] [INFO] iteration:   271/  500 | mean reward: 500.00 | max reward: 500.00 | loss: 1.08619404
[2025-05-17 21:50:13,136] [DQN_train] [INFO] iteration:   272/  500 | mean reward: 500.00 | max reward: 500.00 | loss: 0.54223543
[2025-05-17 21:52:18,404] [DQN_train] [INFO] iteration:   273/  500 | mean reward: 500.00 | max reward: 500.00 | loss: 0.00016038
[2025-05-17 21:54:22,630] [DQN_train] [INFO] iteration:   274/  500 | mean reward: 495.34 | max reward: 500.00 | loss: 0.54327780
[2025-05-17 21:56:27,346] [DQN_train] [INFO] iteration:   275/  500 | mean reward: 500.00 | max reward: 500.00 | loss: 0.00028551
[2025-05-17 21:58:21,650] [DQN_train] [INFO] iteration:   276/  500 | mean reward: 500.00 | max reward: 500.00 | loss: 0.54420263
[2025-05-17 22:00:01,427] [DQN_train] [INFO] iteration:   277/  500 | mean reward: 500.00 | max reward: 500.00 | loss: 0.54495376
[2025-05-17 22:01:41,106] [DQN_train] [INFO] iteration:   278/  500 | mean reward: 500.00 | max reward: 500.00 | loss: 0.54416317
[2025-05-17 22:03:20,775] [DQN_train] [INFO] iteration:   279/  500 | mean reward: 500.00 | max reward: 500.00 | loss: 1.63437390
[2025-05-17 22:04:56,525] [DQN_train] [INFO] iteration:   280/  500 | mean reward: 500.00 | max reward: 500.00 | loss: 0.54463136
[2025-05-17 22:06:53,290] [DQN_train] [INFO] iteration:   281/  500 | mean reward: 500.00 | max reward: 500.00 | loss: 0.54449618
[2025-05-17 22:09:07,114] [DQN_train] [INFO] iteration:   282/  500 | mean reward: 500.00 | max reward: 500.00 | loss: 0.54563439
[2025-05-17 22:11:21,974] [DQN_train] [INFO] iteration:   283/  500 | mean reward: 500.00 | max reward: 500.00 | loss: 0.00011067
[2025-05-17 22:13:35,463] [DQN_train] [INFO] iteration:   284/  500 | mean reward: 500.00 | max reward: 500.00 | loss: 0.00017477
[2025-05-17 22:15:48,686] [DQN_train] [INFO] iteration:   285/  500 | mean reward: 500.00 | max reward: 500.00 | loss: 0.00020217
[2025-05-17 22:18:00,842] [DQN_train] [INFO] iteration:   286/  500 | mean reward: 500.00 | max reward: 500.00 | loss: 1.09284556
[2025-05-17 22:20:13,513] [DQN_train] [INFO] iteration:   287/  500 | mean reward: 500.00 | max reward: 500.00 | loss: 1.09459639
[2025-05-17 22:22:27,582] [DQN_train] [INFO] iteration:   288/  500 | mean reward: 500.00 | max reward: 500.00 | loss: 0.00011245
[2025-05-17 22:24:41,244] [DQN_train] [INFO] iteration:   289/  500 | mean reward: 500.00 | max reward: 500.00 | loss: 0.54820925
[2025-05-17 22:26:54,375] [DQN_train] [INFO] iteration:   290/  500 | mean reward: 500.00 | max reward: 500.00 | loss: 0.00010682
[2025-05-17 22:29:07,532] [DQN_train] [INFO] iteration:   291/  500 | mean reward: 500.00 | max reward: 500.00 | loss: 1.64660835
[2025-05-17 22:31:20,545] [DQN_train] [INFO] iteration:   292/  500 | mean reward: 500.00 | max reward: 500.00 | loss: 0.54794800
[2025-05-17 22:33:34,114] [DQN_train] [INFO] iteration:   293/  500 | mean reward: 500.00 | max reward: 500.00 | loss: 0.54915851
[2025-05-17 22:35:47,836] [DQN_train] [INFO] iteration:   294/  500 | mean reward: 500.00 | max reward: 500.00 | loss: 1.09760284
[2025-05-17 22:37:59,980] [DQN_train] [INFO] iteration:   295/  500 | mean reward: 500.00 | max reward: 500.00 | loss: 1.64801621
[2025-05-17 22:40:12,722] [DQN_train] [INFO] iteration:   296/  500 | mean reward: 500.00 | max reward: 500.00 | loss: 0.54920268
[2025-05-17 22:42:27,588] [DQN_train] [INFO] iteration:   297/  500 | mean reward: 500.00 | max reward: 500.00 | loss: 1.10077262
[2025-05-17 22:44:39,052] [DQN_train] [INFO] iteration:   298/  500 | mean reward: 500.00 | max reward: 500.00 | loss: 1.09951174
[2025-05-17 22:46:49,891] [DQN_train] [INFO] iteration:   299/  500 | mean reward: 500.00 | max reward: 500.00 | loss: 1.10104048
[2025-05-17 22:49:00,870] [DQN_train] [INFO] iteration:   300/  500 | mean reward: 500.00 | max reward: 500.00 | loss: 0.00021739
[2025-05-17 22:49:00,870] [DQN_agent] [INFO] Saving model to DQN_model_300.pth
[2025-05-17 22:51:15,117] [DQN_train] [INFO] iteration:   301/  500 | mean reward: 500.00 | max reward: 500.00 | loss: 1.65320337
[2025-05-17 22:53:27,233] [DQN_train] [INFO] iteration:   302/  500 | mean reward: 500.00 | max reward: 500.00 | loss: 0.00012437
[2025-05-17 22:55:36,812] [DQN_train] [INFO] iteration:   303/  500 | mean reward: 500.00 | max reward: 500.00 | loss: 1.10304356
[2025-05-17 22:57:44,892] [DQN_train] [INFO] iteration:   304/  500 | mean reward: 500.00 | max reward: 500.00 | loss: 0.00028770
[2025-05-17 22:59:54,830] [DQN_train] [INFO] iteration:   305/  500 | mean reward: 500.00 | max reward: 500.00 | loss: 0.55208677
[2025-05-17 23:02:05,009] [DQN_train] [INFO] iteration:   306/  500 | mean reward: 500.00 | max reward: 500.00 | loss: 0.55262548
[2025-05-17 23:04:13,826] [DQN_train] [INFO] iteration:   307/  500 | mean reward: 490.28 | max reward: 500.00 | loss: 0.00092773
[2025-05-17 23:06:25,014] [DQN_train] [INFO] iteration:   308/  500 | mean reward: 500.00 | max reward: 500.00 | loss: 1.10536253
[2025-05-17 23:08:36,318] [DQN_train] [INFO] iteration:   309/  500 | mean reward: 500.00 | max reward: 500.00 | loss: 0.55405176
[2025-05-17 23:10:48,921] [DQN_train] [INFO] iteration:   310/  500 | mean reward: 500.00 | max reward: 500.00 | loss: 0.00049811
[2025-05-17 23:13:00,577] [DQN_train] [INFO] iteration:   311/  500 | mean reward: 500.00 | max reward: 500.00 | loss: 0.00091089
[2025-05-17 23:15:11,577] [DQN_train] [INFO] iteration:   312/  500 | mean reward: 500.00 | max reward: 500.00 | loss: 0.55387986
[2025-05-17 23:17:21,651] [DQN_train] [INFO] iteration:   313/  500 | mean reward: 500.00 | max reward: 500.00 | loss: 0.00028192
[2025-05-17 23:19:31,785] [DQN_train] [INFO] iteration:   314/  500 | mean reward: 500.00 | max reward: 500.00 | loss: 0.55470169
[2025-05-17 23:21:42,974] [DQN_train] [INFO] iteration:   315/  500 | mean reward: 500.00 | max reward: 500.00 | loss: 0.55699861
[2025-05-17 23:23:54,327] [DQN_train] [INFO] iteration:   316/  500 | mean reward: 500.00 | max reward: 500.00 | loss: 0.55667228
[2025-05-17 23:26:05,373] [DQN_train] [INFO] iteration:   317/  500 | mean reward: 500.00 | max reward: 500.00 | loss: 1.10996008
[2025-05-17 23:28:17,634] [DQN_train] [INFO] iteration:   318/  500 | mean reward: 500.00 | max reward: 500.00 | loss: 0.55052912
[2025-05-17 23:30:27,404] [DQN_train] [INFO] iteration:   319/  500 | mean reward: 500.00 | max reward: 500.00 | loss: 0.00107562
[2025-05-17 23:32:32,422] [DQN_train] [INFO] iteration:   320/  500 | mean reward: 480.62 | max reward: 500.00 | loss: 0.56371135
[2025-05-17 23:34:45,423] [DQN_train] [INFO] iteration:   321/  500 | mean reward: 500.00 | max reward: 500.00 | loss: 0.55640298
[2025-05-17 23:36:53,280] [DQN_train] [INFO] iteration:   322/  500 | mean reward: 500.00 | max reward: 500.00 | loss: 0.56071985
[2025-05-17 23:39:06,594] [DQN_train] [INFO] iteration:   323/  500 | mean reward: 500.00 | max reward: 500.00 | loss: 0.00117212
[2025-05-17 23:41:17,150] [DQN_train] [INFO] iteration:   324/  500 | mean reward: 500.00 | max reward: 500.00 | loss: 0.00687636
[2025-05-17 23:43:28,673] [DQN_train] [INFO] iteration:   325/  500 | mean reward: 500.00 | max reward: 500.00 | loss: 0.01104458
[2025-05-17 23:45:36,418] [DQN_train] [INFO] iteration:   326/  500 | mean reward: 500.00 | max reward: 500.00 | loss: 2.22879696
[2025-05-17 23:47:06,515] [DQN_train] [INFO] iteration:   327/  500 | mean reward: 387.40 | max reward: 500.00 | loss: 0.89890754
[2025-05-17 23:48:25,308] [DQN_train] [INFO] iteration:   328/  500 | mean reward: 352.06 | max reward: 500.00 | loss: 0.10657620
[2025-05-17 23:49:14,532] [DQN_train] [INFO] iteration:   329/  500 | mean reward: 271.12 | max reward: 500.00 | loss: 0.54173154
[2025-05-17 23:50:15,620] [DQN_train] [INFO] iteration:   330/  500 | mean reward: 343.18 | max reward: 500.00 | loss: 0.58395094
[2025-05-17 23:51:31,194] [DQN_train] [INFO] iteration:   331/  500 | mean reward: 422.20 | max reward: 500.00 | loss: 1.14188206
[2025-05-17 23:52:56,056] [DQN_train] [INFO] iteration:   332/  500 | mean reward: 477.84 | max reward: 500.00 | loss: 0.89197218
[2025-05-17 23:54:25,900] [DQN_train] [INFO] iteration:   333/  500 | mean reward: 497.26 | max reward: 500.00 | loss: 0.00694399
[2025-05-17 23:55:53,910] [DQN_train] [INFO] iteration:   334/  500 | mean reward: 492.82 | max reward: 500.00 | loss: 0.45189860
[2025-05-17 23:57:23,865] [DQN_train] [INFO] iteration:   335/  500 | mean reward: 500.00 | max reward: 500.00 | loss: 0.56805474
[2025-05-17 23:58:53,262] [DQN_train] [INFO] iteration:   336/  500 | mean reward: 500.00 | max reward: 500.00 | loss: 1.67601633
[2025-05-18 00:00:23,292] [DQN_train] [INFO] iteration:   337/  500 | mean reward: 500.00 | max reward: 500.00 | loss: 0.56697571
[2025-05-18 00:01:52,427] [DQN_train] [INFO] iteration:   338/  500 | mean reward: 500.00 | max reward: 500.00 | loss: 0.00090646
[2025-05-18 00:03:22,277] [DQN_train] [INFO] iteration:   339/  500 | mean reward: 500.00 | max reward: 500.00 | loss: 1.68042338
[2025-05-18 00:04:51,665] [DQN_train] [INFO] iteration:   340/  500 | mean reward: 500.00 | max reward: 500.00 | loss: 0.00044299
[2025-05-18 00:06:21,868] [DQN_train] [INFO] iteration:   341/  500 | mean reward: 500.00 | max reward: 500.00 | loss: 0.55993223
[2025-05-18 00:07:51,684] [DQN_train] [INFO] iteration:   342/  500 | mean reward: 500.00 | max reward: 500.00 | loss: 1.11800218
[2025-05-18 00:09:21,577] [DQN_train] [INFO] iteration:   343/  500 | mean reward: 500.00 | max reward: 500.00 | loss: 0.56088328
[2025-05-18 00:10:49,071] [DQN_train] [INFO] iteration:   344/  500 | mean reward: 496.18 | max reward: 500.00 | loss: 0.00141129
[2025-05-18 00:12:17,897] [DQN_train] [INFO] iteration:   345/  500 | mean reward: 500.00 | max reward: 500.00 | loss: 0.55933857
[2025-05-18 00:13:46,255] [DQN_train] [INFO] iteration:   346/  500 | mean reward: 500.00 | max reward: 500.00 | loss: 1.68729866
[2025-05-18 00:15:14,700] [DQN_train] [INFO] iteration:   347/  500 | mean reward: 498.38 | max reward: 500.00 | loss: 0.55209315
[2025-05-18 00:16:43,070] [DQN_train] [INFO] iteration:   348/  500 | mean reward: 500.00 | max reward: 500.00 | loss: 0.00383627
[2025-05-18 00:18:11,774] [DQN_train] [INFO] iteration:   349/  500 | mean reward: 500.00 | max reward: 500.00 | loss: 0.56189030
[2025-05-18 00:19:39,981] [DQN_train] [INFO] iteration:   350/  500 | mean reward: 500.00 | max reward: 500.00 | loss: 0.00388999
[2025-05-18 00:21:08,570] [DQN_train] [INFO] iteration:   351/  500 | mean reward: 500.00 | max reward: 500.00 | loss: 1.68584156
[2025-05-18 00:22:36,859] [DQN_train] [INFO] iteration:   352/  500 | mean reward: 500.00 | max reward: 500.00 | loss: 1.06639373
[2025-05-18 00:24:05,508] [DQN_train] [INFO] iteration:   353/  500 | mean reward: 500.00 | max reward: 500.00 | loss: 1.12234974
[2025-05-18 00:25:33,618] [DQN_train] [INFO] iteration:   354/  500 | mean reward: 498.24 | max reward: 500.00 | loss: 0.00208912
[2025-05-18 00:27:02,044] [DQN_train] [INFO] iteration:   355/  500 | mean reward: 500.00 | max reward: 500.00 | loss: 0.00062362
[2025-05-18 00:28:30,463] [DQN_train] [INFO] iteration:   356/  500 | mean reward: 499.40 | max reward: 500.00 | loss: 0.00086563
[2025-05-18 00:29:59,189] [DQN_train] [INFO] iteration:   357/  500 | mean reward: 500.00 | max reward: 500.00 | loss: 0.00325674
[2025-05-18 00:31:26,307] [DQN_train] [INFO] iteration:   358/  500 | mean reward: 490.80 | max reward: 500.00 | loss: 1.12240088
[2025-05-18 00:32:54,914] [DQN_train] [INFO] iteration:   359/  500 | mean reward: 500.00 | max reward: 500.00 | loss: 0.00053305
[2025-05-18 00:34:23,822] [DQN_train] [INFO] iteration:   360/  500 | mean reward: 500.00 | max reward: 500.00 | loss: 0.56109208
[2025-05-18 00:35:52,520] [DQN_train] [INFO] iteration:   361/  500 | mean reward: 500.00 | max reward: 500.00 | loss: 0.00026780
[2025-05-18 00:37:21,436] [DQN_train] [INFO] iteration:   362/  500 | mean reward: 500.00 | max reward: 500.00 | loss: 1.68531764
[2025-05-18 00:38:49,596] [DQN_train] [INFO] iteration:   363/  500 | mean reward: 499.16 | max reward: 500.00 | loss: 0.00015678
[2025-05-18 00:40:18,657] [DQN_train] [INFO] iteration:   364/  500 | mean reward: 500.00 | max reward: 500.00 | loss: 0.00021228
[2025-05-18 00:41:47,127] [DQN_train] [INFO] iteration:   365/  500 | mean reward: 500.00 | max reward: 500.00 | loss: 1.12215114
[2025-05-18 00:43:16,220] [DQN_train] [INFO] iteration:   366/  500 | mean reward: 500.00 | max reward: 500.00 | loss: 0.56128424
[2025-05-18 00:44:44,649] [DQN_train] [INFO] iteration:   367/  500 | mean reward: 500.00 | max reward: 500.00 | loss: 0.56253374
[2025-05-18 00:46:13,677] [DQN_train] [INFO] iteration:   368/  500 | mean reward: 500.00 | max reward: 500.00 | loss: 0.56297511
[2025-05-18 00:47:22,272] [DQN_train] [INFO] iteration:   369/  500 | mean reward: 391.92 | max reward: 500.00 | loss: 0.01984989
[2025-05-18 00:48:07,781] [DQN_train] [INFO] iteration:   370/  500 | mean reward: 255.24 | max reward: 500.00 | loss: 0.99081254
[2025-05-18 00:49:10,098] [DQN_train] [INFO] iteration:   371/  500 | mean reward: 351.44 | max reward: 500.00 | loss: 1.71741819
[2025-05-18 00:50:29,718] [DQN_train] [INFO] iteration:   372/  500 | mean reward: 451.40 | max reward: 500.00 | loss: 0.38497865
[2025-05-18 00:51:57,438] [DQN_train] [INFO] iteration:   373/  500 | mean reward: 490.40 | max reward: 500.00 | loss: 0.01249940
[2025-05-18 00:53:22,189] [DQN_train] [INFO] iteration:   374/  500 | mean reward: 472.74 | max reward: 500.00 | loss: 0.01096038
[2025-05-18 00:54:52,297] [DQN_train] [INFO] iteration:   375/  500 | mean reward: 500.00 | max reward: 500.00 | loss: 0.00628479
[2025-05-18 00:56:21,468] [DQN_train] [INFO] iteration:   376/  500 | mean reward: 500.00 | max reward: 500.00 | loss: 0.45980108
[2025-05-18 00:57:51,658] [DQN_train] [INFO] iteration:   377/  500 | mean reward: 500.00 | max reward: 500.00 | loss: 1.08039391
[2025-05-18 00:59:21,121] [DQN_train] [INFO] iteration:   378/  500 | mean reward: 500.00 | max reward: 500.00 | loss: 1.03478861
[2025-05-18 01:00:51,479] [DQN_train] [INFO] iteration:   379/  500 | mean reward: 500.00 | max reward: 500.00 | loss: 0.00352946
[2025-05-18 01:02:20,690] [DQN_train] [INFO] iteration:   380/  500 | mean reward: 500.00 | max reward: 500.00 | loss: 0.00182430
[2025-05-18 01:03:50,713] [DQN_train] [INFO] iteration:   381/  500 | mean reward: 498.74 | max reward: 500.00 | loss: 0.00286407
[2025-05-18 01:05:19,807] [DQN_train] [INFO] iteration:   382/  500 | mean reward: 500.00 | max reward: 500.00 | loss: 0.51710635
[2025-05-18 01:06:49,741] [DQN_train] [INFO] iteration:   383/  500 | mean reward: 500.00 | max reward: 500.00 | loss: 1.67639685
[2025-05-18 01:08:18,780] [DQN_train] [INFO] iteration:   384/  500 | mean reward: 500.00 | max reward: 500.00 | loss: 1.07801270
[2025-05-18 01:09:47,908] [DQN_train] [INFO] iteration:   385/  500 | mean reward: 500.00 | max reward: 500.00 | loss: 0.00115049
[2025-05-18 01:11:16,090] [DQN_train] [INFO] iteration:   386/  500 | mean reward: 500.00 | max reward: 500.00 | loss: 1.13266802
[2025-05-18 01:12:45,494] [DQN_train] [INFO] iteration:   387/  500 | mean reward: 500.00 | max reward: 500.00 | loss: 0.00310120
[2025-05-18 01:14:13,677] [DQN_train] [INFO] iteration:   388/  500 | mean reward: 500.00 | max reward: 500.00 | loss: 1.11467600
[2025-05-18 01:15:40,745] [DQN_train] [INFO] iteration:   389/  500 | mean reward: 488.44 | max reward: 500.00 | loss: 0.01075949
[2025-05-18 01:17:08,875] [DQN_train] [INFO] iteration:   390/  500 | mean reward: 500.00 | max reward: 500.00 | loss: 0.54455405
[2025-05-18 01:18:37,296] [DQN_train] [INFO] iteration:   391/  500 | mean reward: 494.88 | max reward: 500.00 | loss: 1.58140504
[2025-05-18 01:20:05,433] [DQN_train] [INFO] iteration:   392/  500 | mean reward: 500.00 | max reward: 500.00 | loss: 0.51904100
[2025-05-18 01:21:34,360] [DQN_train] [INFO] iteration:   393/  500 | mean reward: 500.00 | max reward: 500.00 | loss: 0.00059290
[2025-05-18 01:23:02,228] [DQN_train] [INFO] iteration:   394/  500 | mean reward: 500.00 | max reward: 500.00 | loss: 0.55622548
[2025-05-18 01:24:31,369] [DQN_train] [INFO] iteration:   395/  500 | mean reward: 500.00 | max reward: 500.00 | loss: 0.00021502
[2025-05-18 01:25:59,750] [DQN_train] [INFO] iteration:   396/  500 | mean reward: 500.00 | max reward: 500.00 | loss: 0.55889815
[2025-05-18 01:27:29,167] [DQN_train] [INFO] iteration:   397/  500 | mean reward: 500.00 | max reward: 500.00 | loss: 1.10886359
[2025-05-18 01:28:57,624] [DQN_train] [INFO] iteration:   398/  500 | mean reward: 500.00 | max reward: 500.00 | loss: 0.00011831
[2025-05-18 01:30:27,048] [DQN_train] [INFO] iteration:   399/  500 | mean reward: 500.00 | max reward: 500.00 | loss: 0.00014348
[2025-05-18 01:31:55,321] [DQN_train] [INFO] iteration:   400/  500 | mean reward: 500.00 | max reward: 500.00 | loss: 0.56336021
[2025-05-18 01:31:55,322] [DQN_agent] [INFO] Saving model to DQN_model_400.pth
[2025-05-18 01:33:24,215] [DQN_train] [INFO] iteration:   401/  500 | mean reward: 500.00 | max reward: 500.00 | loss: 0.55137241
[2025-05-18 01:34:51,920] [DQN_train] [INFO] iteration:   402/  500 | mean reward: 497.40 | max reward: 500.00 | loss: 0.00055546
[2025-05-18 01:36:21,045] [DQN_train] [INFO] iteration:   403/  500 | mean reward: 500.00 | max reward: 500.00 | loss: 0.56775343
[2025-05-18 01:37:49,181] [DQN_train] [INFO] iteration:   404/  500 | mean reward: 500.00 | max reward: 500.00 | loss: 1.68121588
[2025-05-18 01:39:18,153] [DQN_train] [INFO] iteration:   405/  500 | mean reward: 500.00 | max reward: 500.00 | loss: 0.54440558
[2025-05-18 01:40:46,315] [DQN_train] [INFO] iteration:   406/  500 | mean reward: 500.00 | max reward: 500.00 | loss: 1.69009233
[2025-05-18 01:42:15,159] [DQN_train] [INFO] iteration:   407/  500 | mean reward: 500.00 | max reward: 500.00 | loss: 1.68851471
[2025-05-18 01:43:43,860] [DQN_train] [INFO] iteration:   408/  500 | mean reward: 500.00 | max reward: 500.00 | loss: 0.00018988
[2025-05-18 01:45:13,010] [DQN_train] [INFO] iteration:   409/  500 | mean reward: 500.00 | max reward: 500.00 | loss: 1.11805332
[2025-05-18 01:46:41,864] [DQN_train] [INFO] iteration:   410/  500 | mean reward: 500.00 | max reward: 500.00 | loss: 1.12246954
[2025-05-18 01:48:10,991] [DQN_train] [INFO] iteration:   411/  500 | mean reward: 500.00 | max reward: 500.00 | loss: 0.00008615
[2025-05-18 01:49:39,601] [DQN_train] [INFO] iteration:   412/  500 | mean reward: 500.00 | max reward: 500.00 | loss: 0.00010469
[2025-05-18 01:51:08,764] [DQN_train] [INFO] iteration:   413/  500 | mean reward: 500.00 | max reward: 500.00 | loss: 0.56854910
[2025-05-18 01:52:37,465] [DQN_train] [INFO] iteration:   414/  500 | mean reward: 500.00 | max reward: 500.00 | loss: 0.56109846
[2025-05-18 01:54:06,690] [DQN_train] [INFO] iteration:   415/  500 | mean reward: 500.00 | max reward: 500.00 | loss: 0.56069523
[2025-05-18 01:55:35,522] [DQN_train] [INFO] iteration:   416/  500 | mean reward: 500.00 | max reward: 500.00 | loss: 1.11807323
[2025-05-18 01:57:04,395] [DQN_train] [INFO] iteration:   417/  500 | mean reward: 500.00 | max reward: 500.00 | loss: 0.56086469
[2025-05-18 01:58:33,291] [DQN_train] [INFO] iteration:   418/  500 | mean reward: 500.00 | max reward: 500.00 | loss: 2.26834035
[2025-05-18 02:00:02,235] [DQN_train] [INFO] iteration:   419/  500 | mean reward: 500.00 | max reward: 500.00 | loss: 0.00022349
[2025-05-18 02:01:31,004] [DQN_train] [INFO] iteration:   420/  500 | mean reward: 500.00 | max reward: 500.00 | loss: 0.00008107
[2025-05-18 02:02:59,997] [DQN_train] [INFO] iteration:   421/  500 | mean reward: 500.00 | max reward: 500.00 | loss: 1.67755187
[2025-05-18 02:04:28,935] [DQN_train] [INFO] iteration:   422/  500 | mean reward: 500.00 | max reward: 500.00 | loss: 0.55389321
[2025-05-18 02:05:57,569] [DQN_train] [INFO] iteration:   423/  500 | mean reward: 500.00 | max reward: 500.00 | loss: 1.12089252
[2025-05-18 02:07:26,513] [DQN_train] [INFO] iteration:   424/  500 | mean reward: 500.00 | max reward: 500.00 | loss: 0.00027126
[2025-05-18 02:08:55,118] [DQN_train] [INFO] iteration:   425/  500 | mean reward: 500.00 | max reward: 500.00 | loss: 0.56144565
[2025-05-18 02:10:22,330] [DQN_train] [INFO] iteration:   426/  500 | mean reward: 490.24 | max reward: 500.00 | loss: 0.56455779
[2025-05-18 02:11:51,014] [DQN_train] [INFO] iteration:   427/  500 | mean reward: 500.00 | max reward: 500.00 | loss: 0.00010647
[2025-05-18 02:13:20,035] [DQN_train] [INFO] iteration:   428/  500 | mean reward: 500.00 | max reward: 500.00 | loss: 0.00015373
[2025-05-18 02:14:48,449] [DQN_train] [INFO] iteration:   429/  500 | mean reward: 500.00 | max reward: 500.00 | loss: 0.56963176
[2025-05-18 02:16:17,177] [DQN_train] [INFO] iteration:   430/  500 | mean reward: 500.00 | max reward: 500.00 | loss: 1.13788080
[2025-05-18 02:17:45,408] [DQN_train] [INFO] iteration:   431/  500 | mean reward: 500.00 | max reward: 500.00 | loss: 0.00023446
[2025-05-18 02:19:14,247] [DQN_train] [INFO] iteration:   432/  500 | mean reward: 500.00 | max reward: 500.00 | loss: 0.00040640
[2025-05-18 02:20:42,558] [DQN_train] [INFO] iteration:   433/  500 | mean reward: 500.00 | max reward: 500.00 | loss: 0.00027613
[2025-05-18 02:22:11,871] [DQN_train] [INFO] iteration:   434/  500 | mean reward: 500.00 | max reward: 500.00 | loss: 0.56924188
[2025-05-18 02:23:39,980] [DQN_train] [INFO] iteration:   435/  500 | mean reward: 500.00 | max reward: 500.00 | loss: 0.55373245
[2025-05-18 02:25:09,215] [DQN_train] [INFO] iteration:   436/  500 | mean reward: 500.00 | max reward: 500.00 | loss: 0.00012650
[2025-05-18 02:26:37,640] [DQN_train] [INFO] iteration:   437/  500 | mean reward: 500.00 | max reward: 500.00 | loss: 0.00015225
[2025-05-18 02:28:06,974] [DQN_train] [INFO] iteration:   438/  500 | mean reward: 500.00 | max reward: 500.00 | loss: 1.12193215
[2025-05-18 02:29:35,576] [DQN_train] [INFO] iteration:   439/  500 | mean reward: 500.00 | max reward: 500.00 | loss: 0.56563610
[2025-05-18 02:31:04,991] [DQN_train] [INFO] iteration:   440/  500 | mean reward: 500.00 | max reward: 500.00 | loss: 0.56178987
[2025-05-18 02:32:33,089] [DQN_train] [INFO] iteration:   441/  500 | mean reward: 500.00 | max reward: 500.00 | loss: 1.12799489
[2025-05-18 02:34:02,486] [DQN_train] [INFO] iteration:   442/  500 | mean reward: 500.00 | max reward: 500.00 | loss: 0.00005496
[2025-05-18 02:35:30,574] [DQN_train] [INFO] iteration:   443/  500 | mean reward: 500.00 | max reward: 500.00 | loss: 0.00004850
[2025-05-18 02:36:59,875] [DQN_train] [INFO] iteration:   444/  500 | mean reward: 500.00 | max reward: 500.00 | loss: 1.11948550
[2025-05-18 02:38:28,344] [DQN_train] [INFO] iteration:   445/  500 | mean reward: 500.00 | max reward: 500.00 | loss: 0.00011944
[2025-05-18 02:39:58,010] [DQN_train] [INFO] iteration:   446/  500 | mean reward: 500.00 | max reward: 500.00 | loss: 0.55943829
[2025-05-18 02:41:26,344] [DQN_train] [INFO] iteration:   447/  500 | mean reward: 500.00 | max reward: 500.00 | loss: 0.57033759
[2025-05-18 02:42:55,686] [DQN_train] [INFO] iteration:   448/  500 | mean reward: 500.00 | max reward: 500.00 | loss: 0.57040042
[2025-05-18 02:44:23,832] [DQN_train] [INFO] iteration:   449/  500 | mean reward: 500.00 | max reward: 500.00 | loss: 0.56976461
[2025-05-18 02:45:53,400] [DQN_train] [INFO] iteration:   450/  500 | mean reward: 500.00 | max reward: 500.00 | loss: 0.57030338
[2025-05-18 02:47:21,841] [DQN_train] [INFO] iteration:   451/  500 | mean reward: 500.00 | max reward: 500.00 | loss: 0.57069582
[2025-05-18 02:48:51,179] [DQN_train] [INFO] iteration:   452/  500 | mean reward: 499.80 | max reward: 500.00 | loss: 0.00017600
[2025-05-18 02:50:19,032] [DQN_train] [INFO] iteration:   453/  500 | mean reward: 500.00 | max reward: 500.00 | loss: 0.57332754
[2025-05-18 02:51:48,097] [DQN_train] [INFO] iteration:   454/  500 | mean reward: 500.00 | max reward: 500.00 | loss: 0.00039498
[2025-05-18 02:53:16,248] [DQN_train] [INFO] iteration:   455/  500 | mean reward: 500.00 | max reward: 500.00 | loss: 0.56280673
[2025-05-18 02:54:45,946] [DQN_train] [INFO] iteration:   456/  500 | mean reward: 500.00 | max reward: 500.00 | loss: 0.56180084
[2025-05-18 02:56:14,159] [DQN_train] [INFO] iteration:   457/  500 | mean reward: 500.00 | max reward: 500.00 | loss: 0.56991982
[2025-05-18 02:57:43,921] [DQN_train] [INFO] iteration:   458/  500 | mean reward: 500.00 | max reward: 500.00 | loss: 0.57059509
[2025-05-18 02:59:12,421] [DQN_train] [INFO] iteration:   459/  500 | mean reward: 500.00 | max reward: 500.00 | loss: 1.71161342
[2025-05-18 03:00:41,940] [DQN_train] [INFO] iteration:   460/  500 | mean reward: 500.00 | max reward: 500.00 | loss: 0.00023454
[2025-05-18 03:02:10,669] [DQN_train] [INFO] iteration:   461/  500 | mean reward: 500.00 | max reward: 500.00 | loss: 0.57046187
[2025-05-18 03:03:40,144] [DQN_train] [INFO] iteration:   462/  500 | mean reward: 500.00 | max reward: 500.00 | loss: 1.14100552
[2025-05-18 03:05:08,606] [DQN_train] [INFO] iteration:   463/  500 | mean reward: 500.00 | max reward: 500.00 | loss: 0.00014892
[2025-05-18 03:06:37,976] [DQN_train] [INFO] iteration:   464/  500 | mean reward: 500.00 | max reward: 500.00 | loss: 1.14031172
[2025-05-18 03:08:06,307] [DQN_train] [INFO] iteration:   465/  500 | mean reward: 500.00 | max reward: 500.00 | loss: 2.85539770
[2025-05-18 03:09:35,861] [DQN_train] [INFO] iteration:   466/  500 | mean reward: 500.00 | max reward: 500.00 | loss: 1.14146173
[2025-05-18 03:11:04,348] [DQN_train] [INFO] iteration:   467/  500 | mean reward: 500.00 | max reward: 500.00 | loss: 0.00034023
[2025-05-18 03:12:33,806] [DQN_train] [INFO] iteration:   468/  500 | mean reward: 500.00 | max reward: 500.00 | loss: 0.57043314
[2025-05-18 03:14:02,451] [DQN_train] [INFO] iteration:   469/  500 | mean reward: 500.00 | max reward: 500.00 | loss: 0.00007688
[2025-05-18 03:15:32,203] [DQN_train] [INFO] iteration:   470/  500 | mean reward: 500.00 | max reward: 500.00 | loss: 2.27881289
[2025-05-18 03:17:00,700] [DQN_train] [INFO] iteration:   471/  500 | mean reward: 500.00 | max reward: 500.00 | loss: 0.57156950
[2025-05-18 03:18:30,012] [DQN_train] [INFO] iteration:   472/  500 | mean reward: 500.00 | max reward: 500.00 | loss: 1.14233685
[2025-05-18 03:19:58,338] [DQN_train] [INFO] iteration:   473/  500 | mean reward: 500.00 | max reward: 500.00 | loss: 1.14237428
[2025-05-18 03:21:27,799] [DQN_train] [INFO] iteration:   474/  500 | mean reward: 500.00 | max reward: 500.00 | loss: 0.00032827
[2025-05-18 03:22:56,267] [DQN_train] [INFO] iteration:   475/  500 | mean reward: 500.00 | max reward: 500.00 | loss: 2.28400111
[2025-05-18 03:24:25,624] [DQN_train] [INFO] iteration:   476/  500 | mean reward: 500.00 | max reward: 500.00 | loss: 0.43969855
[2025-05-18 03:25:53,813] [DQN_train] [INFO] iteration:   477/  500 | mean reward: 500.00 | max reward: 500.00 | loss: 0.01902184
[2025-05-18 03:27:22,995] [DQN_train] [INFO] iteration:   478/  500 | mean reward: 500.00 | max reward: 500.00 | loss: 0.55020672
[2025-05-18 03:28:51,502] [DQN_train] [INFO] iteration:   479/  500 | mean reward: 500.00 | max reward: 500.00 | loss: 0.59084731
[2025-05-18 03:30:20,355] [DQN_train] [INFO] iteration:   480/  500 | mean reward: 500.00 | max reward: 500.00 | loss: 0.00409361
[2025-05-18 03:31:48,607] [DQN_train] [INFO] iteration:   481/  500 | mean reward: 500.00 | max reward: 500.00 | loss: 1.13762736
[2025-05-18 03:33:17,921] [DQN_train] [INFO] iteration:   482/  500 | mean reward: 500.00 | max reward: 500.00 | loss: 0.51123232
[2025-05-18 03:34:46,328] [DQN_train] [INFO] iteration:   483/  500 | mean reward: 500.00 | max reward: 500.00 | loss: 0.57234645
[2025-05-18 03:36:15,244] [DQN_train] [INFO] iteration:   484/  500 | mean reward: 500.00 | max reward: 500.00 | loss: 0.57225287
[2025-05-18 03:37:43,804] [DQN_train] [INFO] iteration:   485/  500 | mean reward: 500.00 | max reward: 500.00 | loss: 0.57222229
[2025-05-18 03:39:12,714] [DQN_train] [INFO] iteration:   486/  500 | mean reward: 500.00 | max reward: 500.00 | loss: 0.00034405
[2025-05-18 03:40:40,572] [DQN_train] [INFO] iteration:   487/  500 | mean reward: 494.78 | max reward: 500.00 | loss: 0.57307285
[2025-05-18 03:42:09,357] [DQN_train] [INFO] iteration:   488/  500 | mean reward: 500.00 | max reward: 500.00 | loss: 0.57237655
[2025-05-18 03:43:36,864] [DQN_train] [INFO] iteration:   489/  500 | mean reward: 496.10 | max reward: 500.00 | loss: 0.03459091
[2025-05-18 03:44:52,746] [DQN_train] [INFO] iteration:   490/  500 | mean reward: 429.00 | max reward: 500.00 | loss: 0.63856149
[2025-05-18 03:46:19,715] [DQN_train] [INFO] iteration:   491/  500 | mean reward: 489.50 | max reward: 500.00 | loss: 0.03251498
[2025-05-18 03:47:12,166] [DQN_train] [INFO] iteration:   492/  500 | mean reward: 297.82 | max reward: 500.00 | loss: 0.60690778
[2025-05-18 03:48:27,681] [DQN_train] [INFO] iteration:   493/  500 | mean reward: 424.38 | max reward: 500.00 | loss: 2.12219548
[2025-05-18 03:49:54,450] [DQN_train] [INFO] iteration:   494/  500 | mean reward: 492.28 | max reward: 500.00 | loss: 0.56303489
[2025-05-18 03:51:23,150] [DQN_train] [INFO] iteration:   495/  500 | mean reward: 500.00 | max reward: 500.00 | loss: 1.05209172
[2025-05-18 03:52:51,305] [DQN_train] [INFO] iteration:   496/  500 | mean reward: 500.00 | max reward: 500.00 | loss: 0.55610049
[2025-05-18 03:54:20,005] [DQN_train] [INFO] iteration:   497/  500 | mean reward: 500.00 | max reward: 500.00 | loss: 0.00305527
[2025-05-18 03:55:48,401] [DQN_train] [INFO] iteration:   498/  500 | mean reward: 500.00 | max reward: 500.00 | loss: 0.00106249
[2025-05-18 03:57:17,340] [DQN_train] [INFO] iteration:   499/  500 | mean reward: 500.00 | max reward: 500.00 | loss: 0.00045047
[2025-05-18 03:58:45,934] [DQN_train] [INFO] iteration:   500/  500 | mean reward: 500.00 | max reward: 500.00 | loss: 1.14619982
[2025-05-18 03:58:45,935] [DQN_agent] [INFO] Saving model to DQN_model_500.pth
[2025-05-18 03:58:45,936] [DQN_agent] [INFO] Saving model to DQN_model_500.pth
[2025-05-18 03:58:46,027] [DQN_agent] [INFO] Loading model from DQN_model_500.pth
